Analysis & Synthesis report for ArithmaticUnit
Thu Oct 10 12:58:27 2013
Quartus II 64-Bit Version 13.0.0 Build 156 04/24/2013 SJ Web Edition


---------------------
; Table of Contents ;
---------------------
  1. Legal Notice
  2. Analysis & Synthesis Summary
  3. Analysis & Synthesis Settings
  4. Parallel Compilation
  5. Analysis & Synthesis Source Files Read
  6. Analysis & Synthesis Resource Usage Summary
  7. Analysis & Synthesis Resource Utilization by Entity
  8. General Register Statistics
  9. Elapsed Time Per Partition
 10. Analysis & Synthesis Messages



----------------
; Legal Notice ;
----------------
Copyright (C) 1991-2013 Altera Corporation
Your use of Altera Corporation's design tools, logic functions 
and other software and tools, and its AMPP partner logic 
functions, and any output files from any of the foregoing 
(including device programming or simulation files), and any 
associated documentation or information are expressly subject 
to the terms and conditions of the Altera Program License 
Subscription Agreement, Altera MegaCore Function License 
Agreement, or other applicable license agreement, including, 
without limitation, that your use is for the sole purpose of 
programming logic devices manufactured by Altera and sold by 
Altera or its authorized distributors.  Please refer to the 
applicable agreement for further details.



+---------------------------------------------------------------------------------+
; Analysis & Synthesis Summary                                                    ;
+------------------------------------+--------------------------------------------+
; Analysis & Synthesis Status        ; Successful - Thu Oct 10 12:58:27 2013      ;
; Quartus II 64-Bit Version          ; 13.0.0 Build 156 04/24/2013 SJ Web Edition ;
; Revision Name                      ; ArithmaticUnit                             ;
; Top-level Entity Name              ; TwoDigitBCDSymbolOnly                      ;
; Family                             ; Cyclone II                                 ;
; Total logic elements               ; 84                                         ;
;     Total combinational functions  ; 84                                         ;
;     Dedicated logic registers      ; 0                                          ;
; Total registers                    ; 0                                          ;
; Total pins                         ; 59                                         ;
; Total virtual pins                 ; 0                                          ;
; Total memory bits                  ; 0                                          ;
; Embedded Multiplier 9-bit elements ; 0                                          ;
; Total PLLs                         ; 0                                          ;
+------------------------------------+--------------------------------------------+


+-------------------------------------------------------------------------------------------------------------------------+
; Analysis & Synthesis Settings                                                                                           ;
+----------------------------------------------------------------------------+-----------------------+--------------------+
; Option                                                                     ; Setting               ; Default Value      ;
+----------------------------------------------------------------------------+-----------------------+--------------------+
; Device                                                                     ; EP2C35F672C6          ;                    ;
; Top-level entity name                                                      ; TwoDigitBCDSymbolOnly ; ArithmaticUnit     ;
; Family name                                                                ; Cyclone II            ; Cyclone IV GX      ;
; Use smart compilation                                                      ; Off                   ; Off                ;
; Enable parallel Assembler and TimeQuest Timing Analyzer during compilation ; On                    ; On                 ;
; Enable compact report table                                                ; Off                   ; Off                ;
; Restructure Multiplexers                                                   ; Auto                  ; Auto               ;
; Create Debugging Nodes for IP Cores                                        ; Off                   ; Off                ;
; Preserve fewer node names                                                  ; On                    ; On                 ;
; Disable OpenCore Plus hardware evaluation                                  ; Off                   ; Off                ;
; Verilog Version                                                            ; Verilog_2001          ; Verilog_2001       ;
; VHDL Version                                                               ; VHDL_1993             ; VHDL_1993          ;
; State Machine Processing                                                   ; Auto                  ; Auto               ;
; Safe State Machine                                                         ; Off                   ; Off                ;
; Extract Verilog State Machines                                             ; On                    ; On                 ;
; Extract VHDL State Machines                                                ; On                    ; On                 ;
; Ignore Verilog initial constructs                                          ; Off                   ; Off                ;
; Iteration limit for constant Verilog loops                                 ; 5000                  ; 5000               ;
; Iteration limit for non-constant Verilog loops                             ; 250                   ; 250                ;
; Add Pass-Through Logic to Inferred RAMs                                    ; On                    ; On                 ;
; Infer RAMs from Raw Logic                                                  ; On                    ; On                 ;
; Parallel Synthesis                                                         ; On                    ; On                 ;
; DSP Block Balancing                                                        ; Auto                  ; Auto               ;
; NOT Gate Push-Back                                                         ; On                    ; On                 ;
; Power-Up Don't Care                                                        ; On                    ; On                 ;
; Remove Redundant Logic Cells                                               ; Off                   ; Off                ;
; Remove Duplicate Registers                                                 ; On                    ; On                 ;
; Ignore CARRY Buffers                                                       ; Off                   ; Off                ;
; Ignore CASCADE Buffers                                                     ; Off                   ; Off                ;
; Ignore GLOBAL Buffers                                                      ; Off                   ; Off                ;
; Ignore ROW GLOBAL Buffers                                                  ; Off                   ; Off                ;
; Ignore LCELL Buffers                                                       ; Off                   ; Off                ;
; Ignore SOFT Buffers                                                        ; On                    ; On                 ;
; Limit AHDL Integers to 32 Bits                                             ; Off                   ; Off                ;
; Optimization Technique                                                     ; Balanced              ; Balanced           ;
; Carry Chain Length                                                         ; 70                    ; 70                 ;
; Auto Carry Chains                                                          ; On                    ; On                 ;
; Auto Open-Drain Pins                                                       ; On                    ; On                 ;
; Perform WYSIWYG Primitive Resynthesis                                      ; Off                   ; Off                ;
; Auto ROM Replacement                                                       ; On                    ; On                 ;
; Auto RAM Replacement                                                       ; On                    ; On                 ;
; Auto Shift Register Replacement                                            ; Auto                  ; Auto               ;
; Allow Shift Register Merging across Hierarchies                            ; Auto                  ; Auto               ;
; Auto Clock Enable Replacement                                              ; On                    ; On                 ;
; Strict RAM Replacement                                                     ; Off                   ; Off                ;
; Allow Synchronous Control Signals                                          ; On                    ; On                 ;
; Force Use of Synchronous Clear Signals                                     ; Off                   ; Off                ;
; Auto RAM to Logic Cell Conversion                                          ; Off                   ; Off                ;
; Auto Resource Sharing                                                      ; Off                   ; Off                ;
; Allow Any RAM Size For Recognition                                         ; Off                   ; Off                ;
; Allow Any ROM Size For Recognition                                         ; Off                   ; Off                ;
; Allow Any Shift Register Size For Recognition                              ; Off                   ; Off                ;
; Use LogicLock Constraints during Resource Balancing                        ; On                    ; On                 ;
; Ignore translate_off and synthesis_off directives                          ; Off                   ; Off                ;
; Timing-Driven Synthesis                                                    ; Off                   ; Off                ;
; Report Parameter Settings                                                  ; On                    ; On                 ;
; Report Source Assignments                                                  ; On                    ; On                 ;
; Report Connectivity Checks                                                 ; On                    ; On                 ;
; Ignore Maximum Fan-Out Assignments                                         ; Off                   ; Off                ;
; Synchronization Register Chain Length                                      ; 2                     ; 2                  ;
; PowerPlay Power Optimization                                               ; Normal compilation    ; Normal compilation ;
; HDL message level                                                          ; Level2                ; Level2             ;
; Suppress Register Optimization Related Messages                            ; Off                   ; Off                ;
; Number of Removed Registers Reported in Synthesis Report                   ; 5000                  ; 5000               ;
; Number of Swept Nodes Reported in Synthesis Report                         ; 5000                  ; 5000               ;
; Number of Inverted Registers Reported in Synthesis Report                  ; 100                   ; 100                ;
; Clock MUX Protection                                                       ; On                    ; On                 ;
; Auto Gated Clock Conversion                                                ; Off                   ; Off                ;
; Block Design Naming                                                        ; Auto                  ; Auto               ;
; SDC constraint protection                                                  ; Off                   ; Off                ;
; Synthesis Effort                                                           ; Auto                  ; Auto               ;
; Shift Register Replacement - Allow Asynchronous Clear Signal               ; On                    ; On                 ;
; Pre-Mapping Resynthesis Optimization                                       ; Off                   ; Off                ;
; Analysis & Synthesis Message Level                                         ; Medium                ; Medium             ;
; Disable Register Merging Across Hierarchies                                ; Auto                  ; Auto               ;
; Resource Aware Inference For Block RAM                                     ; On                    ; On                 ;
; Synthesis Seed                                                             ; 1                     ; 1                  ;
+----------------------------------------------------------------------------+-----------------------+--------------------+


+------------------------------------------+
; Parallel Compilation                     ;
+----------------------------+-------------+
; Processors                 ; Number      ;
+----------------------------+-------------+
; Number detected on machine ; 8           ;
; Maximum allowed            ; 4           ;
;                            ;             ;
; Average used               ; 1.00        ;
; Maximum used               ; 1           ;
;                            ;             ;
; Usage by Processor         ; % Time Used ;
;     Processor 1            ; 100.0%      ;
;     Processors 2-8         ;   0.0%      ;
+----------------------------+-------------+


+-----------------------------------------------------------------------------------------------------------------------------------------------------------------------------------------------+
; Analysis & Synthesis Source Files Read                                                                                                                                                        ;
+--------------------------------------------------+-----------------+------------------------------------+---------------------------------------------------------------------------+---------+
; File Name with User-Entered Path                 ; Used in Netlist ; File Type                          ; File Name with Absolute Path                                              ; Library ;
+--------------------------------------------------+-----------------+------------------------------------+---------------------------------------------------------------------------+---------+
; Sum.bdf                                          ; yes             ; User Block Diagram/Schematic File  ; C:/Users/esecules/Documents/Assignment 1/Sum.bdf                          ;         ;
; fourbitadder.bdf                                 ; yes             ; User Block Diagram/Schematic File  ; C:/Users/esecules/Documents/Assignment 1/fourbitadder.bdf                 ;         ;
; SingleDigitBCDAdder.bdf                          ; yes             ; User Block Diagram/Schematic File  ; C:/Users/esecules/Documents/Assignment 1/SingleDigitBCDAdder.bdf          ;         ;
; MUX_4b_2ch.vhd                                   ; yes             ; User VHDL File                     ; C:/Users/esecules/Documents/Assignment 1/MUX_4b_2ch.vhd                   ;         ;
; NinesCompliment.vhd                              ; yes             ; User VHDL File                     ; C:/Users/esecules/Documents/Assignment 1/NinesCompliment.vhd              ;         ;
; TwoDigitBCDAdderSubtractor.bdf                   ; yes             ; User Block Diagram/Schematic File  ; C:/Users/esecules/Documents/Assignment 1/TwoDigitBCDAdderSubtractor.bdf   ;         ;
; TwoDigitBCDSymbolOnly.bdf                        ; yes             ; User Block Diagram/Schematic File  ; C:/Users/esecules/Documents/Assignment 1/TwoDigitBCDSymbolOnly.bdf        ;         ;
; ../259Lab4/HexDisplayDriver/HexDisplayDriver.vhd ; yes             ; User VHDL File                     ; C:/Users/esecules/Documents/259Lab4/HexDisplayDriver/HexDisplayDriver.vhd ;         ;
+--------------------------------------------------+-----------------+------------------------------------+---------------------------------------------------------------------------+---------+


+-----------------------------------------------------+
; Analysis & Synthesis Resource Usage Summary         ;
+---------------------------------------------+-------+
; Resource                                    ; Usage ;
+---------------------------------------------+-------+
; Estimated Total logic elements              ; 84    ;
;                                             ;       ;
; Total combinational functions               ; 84    ;
; Logic element usage by number of LUT inputs ;       ;
;     -- 4 input functions                    ; 63    ;
;     -- 3 input functions                    ; 18    ;
;     -- <=2 input functions                  ; 3     ;
;                                             ;       ;
; Logic elements by mode                      ;       ;
;     -- normal mode                          ; 84    ;
;     -- arithmetic mode                      ; 0     ;
;                                             ;       ;
; Total registers                             ; 0     ;
;     -- Dedicated logic registers            ; 0     ;
;     -- I/O registers                        ; 0     ;
;                                             ;       ;
; I/O pins                                    ; 59    ;
; Embedded Multiplier 9-bit elements          ; 0     ;
; Maximum fan-out node                        ; B[5]  ;
; Maximum fan-out                             ; 14    ;
; Total fan-out                               ; 354   ;
; Average fan-out                             ; 2.48  ;
+---------------------------------------------+-------+


+---------------------------------------------------------------------------------------------------------------------------------------------------------------------------------------------------------------------------------------------------------------------------------+
; Analysis & Synthesis Resource Utilization by Entity                                                                                                                                                                                                                             ;
+--------------------------------------+-------------------+--------------+-------------+--------------+---------+-----------+------+--------------+---------------------------------------------------------------------------------------------------------------+--------------+
; Compilation Hierarchy Node           ; LC Combinationals ; LC Registers ; Memory Bits ; DSP Elements ; DSP 9x9 ; DSP 18x18 ; Pins ; Virtual Pins ; Full Hierarchy Name                                                                                           ; Library Name ;
+--------------------------------------+-------------------+--------------+-------------+--------------+---------+-----------+------+--------------+---------------------------------------------------------------------------------------------------------------+--------------+
; |TwoDigitBCDSymbolOnly               ; 84 (0)            ; 0 (0)        ; 0           ; 0            ; 0       ; 0         ; 59   ; 0            ; |TwoDigitBCDSymbolOnly                                                                                        ;              ;
;    |HexDisplayDriver:Dsp0|           ; 7 (7)             ; 0 (0)        ; 0           ; 0            ; 0       ; 0         ; 0    ; 0            ; |TwoDigitBCDSymbolOnly|HexDisplayDriver:Dsp0                                                                  ;              ;
;    |HexDisplayDriver:Dsp1|           ; 11 (11)           ; 0 (0)        ; 0           ; 0            ; 0       ; 0         ; 0    ; 0            ; |TwoDigitBCDSymbolOnly|HexDisplayDriver:Dsp1                                                                  ;              ;
;    |HexDisplayDriver:Dsp4|           ; 7 (7)             ; 0 (0)        ; 0           ; 0            ; 0       ; 0         ; 0    ; 0            ; |TwoDigitBCDSymbolOnly|HexDisplayDriver:Dsp4                                                                  ;              ;
;    |HexDisplayDriver:Dsp5|           ; 7 (7)             ; 0 (0)        ; 0           ; 0            ; 0       ; 0         ; 0    ; 0            ; |TwoDigitBCDSymbolOnly|HexDisplayDriver:Dsp5                                                                  ;              ;
;    |HexDisplayDriver:Dsp6|           ; 7 (7)             ; 0 (0)        ; 0           ; 0            ; 0       ; 0         ; 0    ; 0            ; |TwoDigitBCDSymbolOnly|HexDisplayDriver:Dsp6                                                                  ;              ;
;    |HexDisplayDriver:Dsp7|           ; 7 (7)             ; 0 (0)        ; 0           ; 0            ; 0       ; 0         ; 0    ; 0            ; |TwoDigitBCDSymbolOnly|HexDisplayDriver:Dsp7                                                                  ;              ;
;    |TwoDigitBCDAdderSubtractor:inst| ; 38 (0)            ; 0 (0)        ; 0           ; 0            ; 0       ; 0         ; 0    ; 0            ; |TwoDigitBCDSymbolOnly|TwoDigitBCDAdderSubtractor:inst                                                        ;              ;
;       |Mux_4b_2ch:MUX1|              ; 2 (2)             ; 0 (0)        ; 0           ; 0            ; 0       ; 0         ; 0    ; 0            ; |TwoDigitBCDSymbolOnly|TwoDigitBCDAdderSubtractor:inst|Mux_4b_2ch:MUX1                                        ;              ;
;       |Mux_4b_2ch:MUX|               ; 3 (3)             ; 0 (0)        ; 0           ; 0            ; 0       ; 0         ; 0    ; 0            ; |TwoDigitBCDSymbolOnly|TwoDigitBCDAdderSubtractor:inst|Mux_4b_2ch:MUX                                         ;              ;
;       |SingleDigitBCDAdder:BCD1|     ; 16 (6)            ; 0 (0)        ; 0           ; 0            ; 0       ; 0         ; 0    ; 0            ; |TwoDigitBCDSymbolOnly|TwoDigitBCDAdderSubtractor:inst|SingleDigitBCDAdder:BCD1                               ;              ;
;          |fourbitadder:Adder1|       ; 7 (3)             ; 0 (0)        ; 0           ; 0            ; 0       ; 0         ; 0    ; 0            ; |TwoDigitBCDSymbolOnly|TwoDigitBCDAdderSubtractor:inst|SingleDigitBCDAdder:BCD1|fourbitadder:Adder1           ;              ;
;             |Sum:inst1|              ; 1 (1)             ; 0 (0)        ; 0           ; 0            ; 0       ; 0         ; 0    ; 0            ; |TwoDigitBCDSymbolOnly|TwoDigitBCDAdderSubtractor:inst|SingleDigitBCDAdder:BCD1|fourbitadder:Adder1|Sum:inst1 ;              ;
;             |Sum:inst2|              ; 1 (1)             ; 0 (0)        ; 0           ; 0            ; 0       ; 0         ; 0    ; 0            ; |TwoDigitBCDSymbolOnly|TwoDigitBCDAdderSubtractor:inst|SingleDigitBCDAdder:BCD1|fourbitadder:Adder1|Sum:inst2 ;              ;
;             |Sum:inst3|              ; 1 (1)             ; 0 (0)        ; 0           ; 0            ; 0       ; 0         ; 0    ; 0            ; |TwoDigitBCDSymbolOnly|TwoDigitBCDAdderSubtractor:inst|SingleDigitBCDAdder:BCD1|fourbitadder:Adder1|Sum:inst3 ;              ;
;             |Sum:inst|               ; 1 (1)             ; 0 (0)        ; 0           ; 0            ; 0       ; 0         ; 0    ; 0            ; |TwoDigitBCDSymbolOnly|TwoDigitBCDAdderSubtractor:inst|SingleDigitBCDAdder:BCD1|fourbitadder:Adder1|Sum:inst  ;              ;
;          |fourbitadder:Adder2|       ; 3 (0)             ; 0 (0)        ; 0           ; 0            ; 0       ; 0         ; 0    ; 0            ; |TwoDigitBCDSymbolOnly|TwoDigitBCDAdderSubtractor:inst|SingleDigitBCDAdder:BCD1|fourbitadder:Adder2           ;              ;
;             |Sum:inst1|              ; 1 (1)             ; 0 (0)        ; 0           ; 0            ; 0       ; 0         ; 0    ; 0            ; |TwoDigitBCDSymbolOnly|TwoDigitBCDAdderSubtractor:inst|SingleDigitBCDAdder:BCD1|fourbitadder:Adder2|Sum:inst1 ;              ;
;             |Sum:inst2|              ; 1 (1)             ; 0 (0)        ; 0           ; 0            ; 0       ; 0         ; 0    ; 0            ; |TwoDigitBCDSymbolOnly|TwoDigitBCDAdderSubtractor:inst|SingleDigitBCDAdder:BCD1|fourbitadder:Adder2|Sum:inst2 ;              ;
;             |Sum:inst|               ; 1 (1)             ; 0 (0)        ; 0           ; 0            ; 0       ; 0         ; 0    ; 0            ; |TwoDigitBCDSymbolOnly|TwoDigitBCDAdderSubtractor:inst|SingleDigitBCDAdder:BCD1|fourbitadder:Adder2|Sum:inst  ;              ;
;       |SingleDigitBCDAdder:BCD|      ; 17 (3)            ; 0 (0)        ; 0           ; 0            ; 0       ; 0         ; 0    ; 0            ; |TwoDigitBCDSymbolOnly|TwoDigitBCDAdderSubtractor:inst|SingleDigitBCDAdder:BCD                                ;              ;
;          |fourbitadder:Adder1|       ; 11 (6)            ; 0 (0)        ; 0           ; 0            ; 0       ; 0         ; 0    ; 0            ; |TwoDigitBCDSymbolOnly|TwoDigitBCDAdderSubtractor:inst|SingleDigitBCDAdder:BCD|fourbitadder:Adder1            ;              ;
;             |Sum:inst1|              ; 2 (2)             ; 0 (0)        ; 0           ; 0            ; 0       ; 0         ; 0    ; 0            ; |TwoDigitBCDSymbolOnly|TwoDigitBCDAdderSubtractor:inst|SingleDigitBCDAdder:BCD|fourbitadder:Adder1|Sum:inst1  ;              ;
;             |Sum:inst2|              ; 1 (1)             ; 0 (0)        ; 0           ; 0            ; 0       ; 0         ; 0    ; 0            ; |TwoDigitBCDSymbolOnly|TwoDigitBCDAdderSubtractor:inst|SingleDigitBCDAdder:BCD|fourbitadder:Adder1|Sum:inst2  ;              ;
;             |Sum:inst3|              ; 1 (1)             ; 0 (0)        ; 0           ; 0            ; 0       ; 0         ; 0    ; 0            ; |TwoDigitBCDSymbolOnly|TwoDigitBCDAdderSubtractor:inst|SingleDigitBCDAdder:BCD|fourbitadder:Adder1|Sum:inst3  ;              ;
;             |Sum:inst|               ; 1 (1)             ; 0 (0)        ; 0           ; 0            ; 0       ; 0         ; 0    ; 0            ; |TwoDigitBCDSymbolOnly|TwoDigitBCDAdderSubtractor:inst|SingleDigitBCDAdder:BCD|fourbitadder:Adder1|Sum:inst   ;              ;
;          |fourbitadder:Adder2|       ; 3 (0)             ; 0 (0)        ; 0           ; 0            ; 0       ; 0         ; 0    ; 0            ; |TwoDigitBCDSymbolOnly|TwoDigitBCDAdderSubtractor:inst|SingleDigitBCDAdder:BCD|fourbitadder:Adder2            ;              ;
;             |Sum:inst1|              ; 1 (1)             ; 0 (0)        ; 0           ; 0            ; 0       ; 0         ; 0    ; 0            ; |TwoDigitBCDSymbolOnly|TwoDigitBCDAdderSubtractor:inst|SingleDigitBCDAdder:BCD|fourbitadder:Adder2|Sum:inst1  ;              ;
;             |Sum:inst2|              ; 1 (1)             ; 0 (0)        ; 0           ; 0            ; 0       ; 0         ; 0    ; 0            ; |TwoDigitBCDSymbolOnly|TwoDigitBCDAdderSubtractor:inst|SingleDigitBCDAdder:BCD|fourbitadder:Adder2|Sum:inst2  ;              ;
;             |Sum:inst|               ; 1 (1)             ; 0 (0)        ; 0           ; 0            ; 0       ; 0         ; 0    ; 0            ; |TwoDigitBCDSymbolOnly|TwoDigitBCDAdderSubtractor:inst|SingleDigitBCDAdder:BCD|fourbitadder:Adder2|Sum:inst   ;              ;
+--------------------------------------+-------------------+--------------+-------------+--------------+---------+-----------+------+--------------+---------------------------------------------------------------------------------------------------------------+--------------+
Note: For table entries with two numbers listed, the numbers in parentheses indicate the number of resources of the given type used by the specific entity alone. The numbers listed outside of parentheses indicate the total resources of the given type used by the specific entity and all of its sub-entities in the hierarchy.


+------------------------------------------------------+
; General Register Statistics                          ;
+----------------------------------------------+-------+
; Statistic                                    ; Value ;
+----------------------------------------------+-------+
; Total registers                              ; 0     ;
; Number of registers using Synchronous Clear  ; 0     ;
; Number of registers using Synchronous Load   ; 0     ;
; Number of registers using Asynchronous Clear ; 0     ;
; Number of registers using Asynchronous Load  ; 0     ;
; Number of registers using Clock Enable       ; 0     ;
; Number of registers using Preset             ; 0     ;
+----------------------------------------------+-------+


+-------------------------------+
; Elapsed Time Per Partition    ;
+----------------+--------------+
; Partition Name ; Elapsed Time ;
+----------------+--------------+
; Top            ; 00:00:00     ;
+----------------+--------------+


+-------------------------------+
; Analysis & Synthesis Messages ;
+-------------------------------+
Info: *******************************************************************
Info: Running Quartus II 64-Bit Analysis & Synthesis
    Info: Version 13.0.0 Build 156 04/24/2013 SJ Web Edition
    Info: Processing started: Thu Oct 10 12:58:23 2013
Info: Command: quartus_map --read_settings_files=on --write_settings_files=off ArithmaticUnit -c ArithmaticUnit
Info (11104): Parallel Compilation has detected 8 hyper-threaded processors. However, the extra hyper-threaded processors will not be used by default. Parallel Compilation will use 4 of the 4 physical processors detected instead.
Info (12021): Found 1 design units, including 1 entities, in source file sum.bdf
    Info (12023): Found entity 1: Sum
Info (12021): Found 1 design units, including 1 entities, in source file fourbitadder.bdf
    Info (12023): Found entity 1: fourbitadder
Info (12021): Found 1 design units, including 1 entities, in source file 8bitadder.bdf
    Info (12023): Found entity 1: 8bitadder
Info (12021): Found 1 design units, including 1 entities, in source file singledigitbcdadder.bdf
    Info (12023): Found entity 1: SingleDigitBCDAdder
Info (12021): Found 2 design units, including 1 entities, in source file mux_4b_2ch.vhd
    Info (12022): Found design unit 1: MUX_4b_2ch-Behavioural
    Info (12023): Found entity 1: Mux_4b_2ch
Info (12021): Found 2 design units, including 1 entities, in source file ninescompliment.vhd
    Info (12022): Found design unit 1: NinesCompliment-Behavioural
    Info (12023): Found entity 1: NinesCompliment
Info (12021): Found 1 design units, including 1 entities, in source file twodigitbcdaddersubtractor.bdf
    Info (12023): Found entity 1: TwoDigitBCDAdderSubtractor
Info (12021): Found 1 design units, including 1 entities, in source file twodigitbcdsymbolonly.bdf
    Info (12023): Found entity 1: TwoDigitBCDSymbolOnly
Info (12021): Found 2 design units, including 1 entities, in source file /users/esecules/documents/259lab4/hexdisplaydriver/hexdisplaydriver.vhd
    Info (12022): Found design unit 1: HexDisplayDriver-Behavioural
    Info (12023): Found entity 1: HexDisplayDriver
Info (12021): Found 1 design units, including 1 entities, in source file fourbitadder-mult.bdf
    Info (12023): Found entity 1: fourbitadder-mult
Info (12021): Found 1 design units, including 1 entities, in source file mult4x4.bdf
    Info (12023): Found entity 1: Mult4x4
Info (12127): Elaborating entity "TwoDigitBCDSymbolOnly" for the top level hierarchy
Warning (275008): Primitive "GND" of instance "inst3" not used
Info (12128): Elaborating entity "HexDisplayDriver" for hierarchy "HexDisplayDriver:Dsp0"
Info (12128): Elaborating entity "TwoDigitBCDAdderSubtractor" for hierarchy "TwoDigitBCDAdderSubtractor:inst"
Info (12128): Elaborating entity "SingleDigitBCDAdder" for hierarchy "TwoDigitBCDAdderSubtractor:inst|SingleDigitBCDAdder:BCD"
Warning (275008): Primitive "GND" of instance "grnd3" not used
Info (12128): Elaborating entity "fourbitadder" for hierarchy "TwoDigitBCDAdderSubtractor:inst|SingleDigitBCDAdder:BCD|fourbitadder:Adder1"
Info (12128): Elaborating entity "Sum" for hierarchy "TwoDigitBCDAdderSubtractor:inst|SingleDigitBCDAdder:BCD|fourbitadder:Adder1|Sum:inst2"
Info (12128): Elaborating entity "Mux_4b_2ch" for hierarchy "TwoDigitBCDAdderSubtractor:inst|Mux_4b_2ch:MUX1"
Info (12128): Elaborating entity "NinesCompliment" for hierarchy "TwoDigitBCDAdderSubtractor:inst|NinesCompliment:Comp1"
Info (16010): Generating hard_block partition "hard_block:auto_generated_inst"
    Info (16011): Adding 0 node(s), including 0 DDIO, 0 PLL, 0 transceiver and 0 LCELL
Info (21057): Implemented 143 device resources after synthesis - the final resource count might be different
    Info (21058): Implemented 17 input pins
    Info (21059): Implemented 42 output pins
    Info (21061): Implemented 84 logic cells
Info: Quartus II 64-Bit Analysis & Synthesis was successful. 0 errors, 2 warnings
    Info: Peak virtual memory: 503 megabytes
    Info: Processing ended: Thu Oct 10 12:58:27 2013
    Info: Elapsed time: 00:00:04
    Info: Total CPU time (on all processors): 00:00:02


