0000              1   ; dac.asm: uses a R-2R ladder DAC to generate a ramp 
                 -1   $MODDE2 
0000              1   ;  MODDDE2: Register definition for DE2-8052 softcore
0000              2   ;
0000              3   ;   Copyright (C) 2011  Jesus Calvino-Fraga, jesusc at ece.ubc.ca
0000              4   ;
0000              5   ;   This library is free software; you can redistribute it and/or
0000              6   ;   modify it under the terms of the GNU Lesser General Public
0000              7   ;   License as published by the Free Software Foundation; either
0000              8   ;   version 2.1 of the License, or (at your option) any later version.
0000              9   ;
0000             10   ;   This library is distributed in the hope that it will be useful,
0000             11   ;   but WITHOUT ANY WARRANTY; without even the implied warranty of
0000             12   ;   MERCHANTABILITY or FITNESS FOR A PARTICULAR PURPOSE.  See the GNU
0000             13   ;   Lesser General Public License for more details.
0000             14   ;
0000             15   ;   You should have received a copy of the GNU Lesser General Public
0000             16   ;   License along with this library; if not, write to the Free Software
0000             17   ;   Foundation, Inc., 59 Temple Place, Suite 330, Boston, MA  02111-1307 USA
0000             18   ;
0000             19       
0000             20   P0     DATA  080H  ;PORT 0
0000             21   SP     DATA  081H  ;STACK POINTER
0000             22   DPL    DATA  082H  ;DATA POINTER - LOW BYTE
0000             23   DPH    DATA  083H  ;DATA POINTER - HIGH BYTE
0000             24   PCON   DATA  087H  ;POWER CONTROL
0000             25   TCON   DATA  088H  ;TIMER CONTROL
0000             26   TMOD   DATA  089H  ;TIMER MODE
0000             27   TL0    DATA  08AH  ;TIMER 0 - LOW BYTE
0000             28   TL1    DATA  08BH  ;TIMER 1 - LOW BYTE
0000             29   TH0    DATA  08CH  ;TIMER 0 - HIGH BYTE
0000             30   TH1    DATA  08DH  ;TIMER 1 - HIGH BYTE
0000             31   P1     DATA  090H  ;PORT 1
0000             32   SCON   DATA  098H  ;SERIAL PORT CONTROL
0000             33   SBUF   DATA  099H  ;SERIAL PORT BUFFER
0000             34   P2     DATA  0A0H  ;PORT 2
0000             35   IE     DATA  0A8H  ;INTERRUPT ENABLE
0000             36   P3     DATA  0B0H  ;PORT 3
0000             37   IP     DATA  0B8H  ;INTERRUPT PRIORITY
0000             38   T2CON  DATA  0C8H  ;TIMER 2 CONTROL
0000             39   T2MOD  DATA  0C9H  ;TIMER 2 MODE
0000             40   RCAP2L DATA  0CAH  ;TIMER 2 CAPTURE REGISTER - LOW BYTE
0000             41   RCAP2H DATA  0CBH  ;TIMER 2 CAPTURE REGISTER - HIGH BYTE
0000             42   TL2    DATA  0CCH  ;TIMER 2 - LOW BYTE
0000             43   TH2    DATA  0CDH  ;TIMER 2 - HIGH BYTE
0000             44   PSW    DATA  0D0H  ;PROGRAM STATUS WORD
0000             45   ACC    DATA  0E0H  ;ACCUMULATOR
0000             46   B      DATA  0F0H  ;MULTIPLICATION REGISTER
0000             47   IT0    BIT   088H  ;TCON.0 - EXT. INTERRUPT 0 TYPE
0000             48   IE0    BIT   089H  ;TCON.1 - EXT. INTERRUPT 0 EDGE FLAG
0000             49   IT1    BIT   08AH  ;TCON.2 - EXT. INTERRUPT 1 TYPE
0000             50   IE1    BIT   08BH  ;TCON.3 - EXT. INTERRUPT 1 EDGE FLAG
0000             51   TR0    BIT   08CH  ;TCON.4 - TIMER 0 ON/OFF CONTROL
0000             52   TF0    BIT   08DH  ;TCON.5 - TIMER 0 OVERFLOW FLAG
0000             53   TR1    BIT   08EH  ;TCON.6 - TIMER 1 ON/OFF CONTROL
0000             54   TF1    BIT   08FH  ;TCON.7 - TIMER 1 OVERFLOW FLAG
0000             55   RI     BIT   098H  ;SCON.0 - RECEIVE INTERRUPT FLAG
0000             56   TI     BIT   099H  ;SCON.1 - TRANSMIT INTERRUPT FLAG
0000             57   RB8    BIT   09AH  ;SCON.2 - RECEIVE BIT 8
0000             58   TB8    BIT   09BH  ;SCON.3 - TRANSMIT BIT 8
0000             59   REN    BIT   09CH  ;SCON.4 - RECEIVE ENABLE
0000             60   SM2    BIT   09DH  ;SCON.5 - SERIAL MODE CONTROL BIT 2
0000             61   SM1    BIT   09EH  ;SCON.6 - SERIAL MODE CONTROL BIT 1
0000             62   SM0    BIT   09FH  ;SCON.7 - SERIAL MODE CONTROL BIT 0
0000             63   EX0    BIT   0A8H  ;IE.0 - EXTERNAL INTERRUPT 0 ENABLE
0000             64   ET0    BIT   0A9H  ;IE.1 - TIMER 0 INTERRUPT ENABLE
0000             65   EX1    BIT   0AAH  ;IE.2 - EXTERNAL INTERRUPT 1 ENABLE
0000             66   ET1    BIT   0ABH  ;IE.3 - TIMER 1 INTERRUPT ENABLE
0000             67   ES     BIT   0ACH  ;IE.4 - SERIAL PORT INTERRUPT ENABLE
0000             68   ET2    BIT   0ADH  ;IE.5 - TIMER 2 INTERRUPT ENABLE
0000             69   EA     BIT   0AFH  ;IE.7 - GLOBAL INTERRUPT ENABLE
0000             70   RXD    BIT   0B0H  ;P3.0 - SERIAL PORT RECEIVE INPUT
0000             71   TXD    BIT   0B1H  ;P3.1 - SERIAL PORT TRANSMIT OUTPUT
0000             72   INT0   BIT   0B2H  ;P3.2 - EXTERNAL INTERRUPT 0 INPUT
0000             73   INT1   BIT   0B3H  ;P3.3 - EXTERNAL INTERRUPT 1 INPUT
0000             74   T0     BIT   0B4H  ;P3.4 - TIMER 0 COUNT INPUT
0000             75   T1     BIT   0B5H  ;P3.5 - TIMER 1 COUNT INPUT
0000             76   WR     BIT   0B6H  ;P3.6 - WRITE CONTROL FOR EXT. MEMORY
0000             77   RD     BIT   0B7H  ;P3.7 - READ CONTROL FOR EXT. MEMORY
0000             78   PX0    BIT   0B8H  ;IP.0 - EXTERNAL INTERRUPT 0 PRIORITY
0000             79   PT0    BIT   0B9H  ;IP.1 - TIMER 0 PRIORITY
0000             80   PX1    BIT   0BAH  ;IP.2 - EXTERNAL INTERRUPT 1 PRIORITY
0000             81   PT1    BIT   0BBH  ;IP.3 - TIMER 1 PRIORITY
0000             82   PS     BIT   0BCH  ;IP.4 - SERIAL PORT PRIORITY
0000             83   PT2    BIT   0BDH  ;IP.5 - TIMER 2 PRIORITY
0000             84   CAP2   BIT   0C8H  ;T2CON.0 - CAPTURE OR RELOAD SELECT
0000             85   CNT2   BIT   0C9H  ;T2CON.1 - TIMER OR COUNTER SELECT
0000             86   TR2    BIT   0CAH  ;T2CON.2 - TIMER 2 ON/OFF CONTROL
0000             87   EXEN2  BIT   0CBH  ;T2CON.3 - TIMER 2 EXTERNAL ENABLE FLAG
0000             88   TCLK   BIT   0CCH  ;T2CON.4 - TRANSMIT CLOCK SELECT
0000             89   RCLK   BIT   0CDH  ;T2CON.5 - RECEIVE CLOCK SELECTT
0000             90   EXF2   BIT   0CEH  ;T2CON.6 - EXTERNAL TRANSITION FLAG
0000             91   TF2    BIT   0CFH  ;T2CON.7 - TIMER 2 OVERFLOW FLAG
0000             92   P      BIT   0D0H  ;PSW.0 - ACCUMULATOR PARITY FLAG
0000             93   OV     BIT   0D2H  ;PSW.2 - OVERFLOW FLAG
0000             94   RS0    BIT   0D3H  ;PSW.3 - REGISTER BANK SELECT 0
0000             95   RS1    BIT   0D4H  ;PSW.4 - REGISTER BANK SELECT 1
0000             96   F0     BIT   0D5H  ;PSW.5 - FLAG 0
0000             97   AC     BIT   0D6H  ;PSW.6 - AUXILIARY CARRY FLAG
0000             98   CY     BIT   0D7H  ;PSW.7 - CARRY FLAG
0000             99   
0000            100   ; For the altera DE2 configured with an 8051/8052 softcore processor
0000            101   ; we have the following extra registers:
0000            102   
0000            103   HEX0   DATA  091H ; Zero turns the segment on
0000            104   HEX1   DATA  092H ; 
0000            105   HEX2   DATA  093H ; 
0000            106   HEX3   DATA  094H ; 
0000            107   HEX4   DATA  08EH ;
0000            108   HEX5   DATA  08FH ;
0000            109   HEX6   DATA  096H ;
0000            110   HEX7   DATA  097H ;
0000            111   
0000            112   P0MOD  DATA  09AH ; Input/output mode bits for port 0.  '1' sets the port to output mode.
0000            113   P1MOD  DATA  09BH ; Input/output mode bits for port 1
0000            114   P2MOD  DATA  09CH ; Input/output mode bits for port 2
0000            115   P3MOD  DATA  09DH ; Input/output mode bits for port 3
0000            116   
0000            117   LEDRA  DATA  0E8H ; LEDs LEDR0 to LEDR7 (bit addressable, ex: LEDRA.1 for LEDR1)
0000            118   LEDRB  DATA  095H ; LEDs LEDR8 to LEDR15
0000            119   LEDRC  DATA  09EH ; LEDs LEDR16, LEDR15, and LEDG8
0000            120   LEDG   DATA  0F8H ; LEDs LEDG0 to LEDG7 (bit addressable, ex: LEDG.3 for LEDG3)
0000            121   SWA    DATA  0E8H ; Switches SW0 to SW7 (bit addressable, ex: SWA.1 for SW1)
0000            122   SWB    DATA  095H ; Switches SW8 to SW15
0000            123   SWC    DATA  09EH ; Switches SW16 and SW17
0000            124   KEY    DATA  0F8H ; KEY1=KEY.1, KEY2=KEY.2, KEY3=KEY.3.  KEY0 is the reset button! 
0000            125   
0000            126   LCD_CMD   DATA 0D8H ;
0000            127   LCD_DATA  DATA 0D9H ;
0000            128   LCD_MOD   DATA 0DAH ; Write 0xff to make LCD_DATA an output
0000            129   LCD_RW    BIT  0D8H ; '0' writes to LCD
0000            130   LCD_EN    BIT  0D9H ; Toggle from '1' to '0'
0000            131   LCD_RS    BIT  0DAH ; '0' for commands, '1' for data
0000            132   LCD_ON    BIT  0DBH ; Write '1' to power the LCD
0000            133   LCD_BLON  BIT  0DCH ; Write '1' to turn on back light
0000            134   
0000            135   FLASH_CMD  data 0DBH ; The control bits of the flash memory:
0000            136   ; bit 0: FL_RST_N  Set to 1 for normal operation
0000            137   ; bit 1: FL_WE_N
0000            138   ; bit 2: FL_OE_N
0000            139   ; bit 3: FL_CE_N
0000            140   FLASH_DATA data 0DCH ; 8-bit data bus of flash memory.
0000            141   FLASH_MOD  data 0DDH ; 0xff makes FLASH_DATA output.  0x00 makes FLASH_DATA input.
0000            142   FLASH_ADD0 data 0E1H ; address bits 0 to 7.
0000            143   FLASH_ADD1 data 0E2H ; address bits 8 to 15.
0000            144   FLASH_ADD2 data 0E3H ; address bits 16 to 21.
0000            145   
0030              3   DSEG at 30H
0030              4   voltage:                 ds 1
0031              5   voltage_sum:     ds 2
0033              6   voltage_avg:     ds 1
0034              7   average_count:   ds 1
0035              8   interupt_count:  ds 1
0036              9   BCD:                     ds 2
0000             10   CSEG             
0000             11   org 0000H 
0000 0202BA      12    ljmp myprogram 
002B             13   org 2bh
002B 02022E      14    ljmp Timer2_ISR
                 -1    	$include (voltage_lut.asm)
002E              1   Voltage_LUT:
002E 0000         2   DW       0H
0030 0013         3   DW       13H
0032 0026         4   DW       26H
0034 0039         5   DW       39H
0036 0052         6   DW       52H
0038 0065         7   DW       65H
003A 0078         8   DW       78H
003C 0091         9   DW       91H
003E 0104        10   DW       104H
0040 0116        11   DW       116H
0042 0129        12   DW       129H
0044 0142        13   DW       142H
0046 0155        14   DW       155H
0048 0168        15   DW       168H
004A 0181        16   DW       181H
004C 0194        17   DW       194H
004E 0207        18   DW       207H
0050 0220        19   DW       220H
0052 0233        20   DW       233H
0054 0246        21   DW       246H
0056 0259        22   DW       259H
0058 0272        23   DW       272H
005A 0285        24   DW       285H
005C 0298        25   DW       298H
005E 0311        26   DW       311H
0060 0324        27   DW       324H
0062 0336        28   DW       336H
0064 0349        29   DW       349H
0066 0362        30   DW       362H
0068 0375        31   DW       375H
006A 0388        32   DW       388H
006C 0401        33   DW       401H
006E 0414        34   DW       414H
0070 0427        35   DW       427H
0072 0440        36   DW       440H
0074 0453        37   DW       453H
0076 0466        38   DW       466H
0078 0479        39   DW       479H
007A 0492        40   DW       492H
007C 0505        41   DW       505H
007E 0518        42   DW       518H
0080 0531        43   DW       531H
0082 0544        44   DW       544H
0084 0556        45   DW       556H
0086 0569        46   DW       569H
0088 0582        47   DW       582H
008A 0595        48   DW       595H
008C 0608        49   DW       608H
008E 0621        50   DW       621H
0090 0634        51   DW       634H
0092 0647        52   DW       647H
0094 0660        53   DW       660H
0096 0673        54   DW       673H
0098 0686        55   DW       686H
009A 0699        56   DW       699H
009C 0712        57   DW       712H
009E 0725        58   DW       725H
00A0 0738        59   DW       738H
00A2 0751        60   DW       751H
00A4 0764        61   DW       764H
00A6 0776        62   DW       776H
00A8 0789        63   DW       789H
00AA 0802        64   DW       802H
00AC 0815        65   DW       815H
00AE 0828        66   DW       828H
00B0 0841        67   DW       841H
00B2 0854        68   DW       854H
00B4 0867        69   DW       867H
00B6 0880        70   DW       880H
00B8 0893        71   DW       893H
00BA 0906        72   DW       906H
00BC 0919        73   DW       919H
00BE 0932        74   DW       932H
00C0 0945        75   DW       945H
00C2 0958        76   DW       958H
00C4 0971        77   DW       971H
00C6 0984        78   DW       984H
00C8 0996        79   DW       996H   
00CA 1009        80   DW       1009H
00CC 1022        81   DW       1022H
00CE 1035        82   DW       1035H
00D0 1048        83   DW       1048H
00D2 1061        84   DW       1061H
00D4 1074        85   DW       1074H
00D6 1087        86   DW       1087H
00D8 1100        87   DW       1100H
00DA 1113        88   DW       1113H
00DC 1126        89   DW       1126H
00DE 1139        90   DW       1139H
00E0 1152        91   DW       1152H
00E2 1165        92   DW       1165H
00E4 1178        93   DW       1178H
00E6 1191        94   DW       1191H
00E8 1204        95   DW       1204H
00EA 1216        96   DW       1216H
00EC 1229        97   DW       1229H
00EE 1242        98   DW       1242H
00F0 1255        99   DW       1255H
00F2 1268       100   DW       1268H
00F4 1281       101   DW       1281H
00F6 1294       102   DW       1294H
00F8 1307       103   DW       1307H
00FA 1320       104   DW       1320H
00FC 1333       105   DW       1333H
00FE 1346       106   DW       1346H
0100 1359       107   DW       1359H
0102 1372       108   DW       1372H
0104 1385       109   DW       1385H
0106 1398       110   DW       1398H
0108 1411       111   DW       1411H
010A 1424       112   DW       1424H
010C 1436       113   DW       1436H
010E 1449       114   DW       1449H
0110 1462       115   DW       1462H
0112 1475       116   DW       1475H
0114 1488       117   DW       1488H
0116 1501       118   DW       1501H
0118 1514       119   DW       1514H
011A 1527       120   DW       1527H
011C 1540       121   DW       1540H
011E 1553       122   DW       1553H
0120 1566       123   DW       1566H
0122 1579       124   DW       1579H
0124 1592       125   DW       1592H
0126 1605       126   DW       1605H
0128 1618       127   DW       1618H
012A 1631       128   DW       1631H
012C 1644       129   DW       1644H
012E 1656       130   DW       1656H
0130 1669       131   DW       1669H
0132 1682       132   DW       1682H
0134 1695       133   DW       1695H
0136 1708       134   DW       1708H
0138 1721       135   DW       1721H
013A 1734       136   DW       1734H
013C 1747       137   DW       1747H
013E 1760       138   DW       1760H
0140 1773       139   DW       1773H
0142 1786       140   DW       1786H
0144 1799       141   DW       1799H
0146 1812       142   DW       1812H
0148 1825       143   DW       1825H
014A 1838       144   DW       1838H
014C 1851       145   DW       1851H
014E 1864       146   DW       1864H
0150 1876       147   DW       1876H
0152 1889       148   DW       1889H
0154 1902       149   DW       1902H
0156 1915       150   DW       1915H
0158 1928       151   DW       1928H
015A 1941       152   DW       1941H
015C 1954       153   DW       1954H
015E 1967       154   DW       1967H
0160 1980       155   DW       1980H
0162 1993       156   DW       1993H
0164 2006       157   DW       2006H
0166 2019       158   DW       2019H
0168 2032       159   DW       2032H
016A 2045       160   DW       2045H
016C 2058       161   DW       2058H
016E 2071       162   DW       2071H
0170 2084       163   DW       2084H
0172 2096       164   DW       2096H
0174 2109       165   DW       2109H
0176 2122       166   DW       2122H
0178 2135       167   DW       2135H
017A 2148       168   DW       2148H
017C 2161       169   DW       2161H
017E 2174       170   DW       2174H
0180 2187       171   DW       2187H
0182 2200       172   DW       2200H
0184 2213       173   DW       2213H
0186 2226       174   DW       2226H
0188 2239       175   DW       2239H
018A 2252       176   DW       2252H
018C 2265       177   DW       2265H
018E 2278       178   DW       2278H
0190 2291       179   DW       2291H
0192 2304       180   DW       2304H
0194 2316       181   DW       2316H
0196 2329       182   DW       2329H
0198 2342       183   DW       2342H
019A 2355       184   DW       2355H
019C 2368       185   DW       2368H
019E 2381       186   DW       2381H
01A0 2394       187   DW       2394H
01A2 2407       188   DW       2407H
01A4 2420       189   DW       2420H
01A6 2433       190   DW       2433H
01A8 2446       191   DW       2446H
01AA 2459       192   DW       2459H
01AC 2472       193   DW       2472H
01AE 2485       194   DW       2485H
01B0 2498       195   DW       2498H
01B2 2511       196   DW       2511H
01B4 2524       197   DW       2524H
01B6 2536       198   DW       2536H
01B8 2549       199   DW       2549H
01BA 2562       200   DW       2562H
01BC 2575       201   DW       2575H
01BE 2588       202   DW       2588H
01C0 2601       203   DW       2601H
01C2 2614       204   DW       2614H
01C4 2627       205   DW       2627H
01C6 2640       206   DW       2640H
01C8 2653       207   DW       2653H
01CA 2666       208   DW       2666H
01CC 2679       209   DW       2679H
01CE 2692       210   DW       2692H
01D0 2705       211   DW       2705H
01D2 2718       212   DW       2718H
01D4 2731       213   DW       2731H
01D6 2744       214   DW       2744H
01D8 2756       215   DW       2756H
01DA 2769       216   DW       2769H
01DC 2782       217   DW       2782H
01DE 2795       218   DW       2795H
01E0 2808       219   DW       2808H
01E2 2821       220   DW       2821H
01E4 2834       221   DW       2834H
01E6 2847       222   DW       2847H
01E8 2860       223   DW       2860H
01EA 2873       224   DW       2873H
01EC 2886       225   DW       2886H
01EE 2899       226   DW       2899H
01F0 2912       227   DW       2912H
01F2 2925       228   DW       2925H
01F4 2938       229   DW       2938H
01F6 2951       230   DW       2951H
01F8 2964       231   DW       2964H
01FA 2976       232   DW       2976H
01FC 2989       233   DW       2989H
01FE 3002       234   DW       3002H
0200 3015       235   DW       3015H
0202 3028       236   DW       3028H
0204 3041       237   DW       3041H
0206 3054       238   DW       3054H
0208 3067       239   DW       3067H
020A 3080       240   DW       3080H
020C 3093       241   DW       3093H
020E 3106       242   DW       3106H
0210 3119       243   DW       3119H
0212 3132       244   DW       3132H
0214 3145       245   DW       3145H
0216 3158       246   DW       3158H
0218 3171       247   DW       3171H
021A 3184       248   DW       3184H
021C 3196       249   DW       3196H
021E 3209       250   DW       3209H
0220 3222       251   DW       3222H
0222 3235       252   DW       3235H
0224 3248       253   DW       3248H
0226 3261       254   DW       3261H
0228 3274       255   DW       3274H
022A 3287       256   DW       3287H
022C 3300       257   DW       3300H 
022E             16   
022E             17   XTAL           EQU 33333333
022E             18   FREQ_2              EQU 50
022E             19   TIMER2_RELOAD  EQU 65536-(XTAL/(12*FREQ_2))
022E             20   input_sel           EQU P0.0
022E             21   nibble_sel          EQU P0.1
022E             22   
022E             23   ;16 sample averager 
022E             24   Timer2_ISR:
022E C0D0        25   push psw
0230 C0E0        26   push acc
0232 C2CF        27   clr TF2
0234 0535        28   inc interupt_count 
0236 E535        29   mov a, interupt_count
0238 B40230      30   cjne a, #2, return_from_isr
023B 753500      31   mov interupt_count, #0
023E 0534        32   inc average_count
0240 C3          33   clr C
0241 E530        34   mov a, voltage
0243 3531        35   addc a, voltage_sum
0245 F531        36   mov voltage_sum, a
0247 E532        37   mov a, voltage_sum+1
0249 3400        38   addc a, #0
024B F532        39   mov voltage_sum+1, a
024D E534        40   mov a, average_count
024F B41019      41   cjne a, #16,return_from_isr 
0252 753404      42   mov average_count, #4
0255             43   shift_loop:
0255 C3          44   clr C
0256 E532        45   mov a, voltage_sum+1
0258 13          46   rrc a
0259 F532        47   mov voltage_sum+1, a
025B E531        48   mov a, voltage_sum
025D 13          49   rrc a
025E F531        50   mov voltage_sum, a
0260 D534F2      51   djnz average_count, shift_loop
0263 B2E8        52   cpl LEDRA.0
0265 853133      53   mov voltage_avg, voltage_sum
0268 753100      54   mov voltage_sum, #0
026B             55   ;mov LEDG,voltage_avg
026B             56   return_from_isr:
026B D0E0        57   pop acc
026D D0D0        58   pop psw
026F 32          59   reti
0270             60   
0270             61   ; 100 micro-second delay subroutine 
0270             62   delay100us: 
0270 790A        63    mov R1, #10 
0272 786F        64    Label0: mov R0, #111 
0274 D8FE        65    Label1: djnz R0, Label1 ; 111*30ns*3=10us 
0276 D9FA        66    djnz R1, Label0 ; 10*10us=100us, approximately 
0278 22          67    ret 
0279             68    
0279             69    ; Look-up table for 7-seg displays
0279             70   myLUT:
0279 C0F9A4B0    71       DB 0C0H, 0F9H, 0A4H, 0B0H, 099H        ; 0 TO 4
     99
027E 9282F880    72       DB 092H, 082H, 0F8H, 080H, 090H        ; 4 TO 9
     90
0283 8883C6A1    73       DB 088H, 083H, 0C6H, 0A1H, 086H, 08EH  ; A to F
     868E
0289             74   
0289             75   Display_HEX:
0289 900279      76            mov dptr, #myLUT
028C             77            ; Display Digit 0
028C E536        78       mov A, BCD+0
028E 540F        79       anl a, #0fh
0290 93          80       movc A, @A+dptr
0291 F591        81       mov HEX0, A
0293             82            ; Display Digit 1
0293 E536        83       mov A, BCD+0
0295 C4          84       swap a
0296 540F        85       anl a, #0fh
0298 93          86       movc A, @A+dptr
0299 F592        87       mov HEX1, A
029B             88       ; Display Digit 2
029B E537        89       mov A, BCD+1
029D 540F        90       anl a, #0fh
029F 93          91       movc A, @A+dptr
02A0 F593        92       mov HEX2, A
02A2             93            ; Display Digit 3
02A2 E537        94       mov A, BCD+1
02A4 C4          95       swap a
02A5 540F        96       anl a, #0fh
02A7 93          97       movc A, @A+dptr
02A8 F594        98       mov HEX3, A
02AA 22          99       ret  
02AB            100       
02AB            101   Lookup:
02AB 90002E     102            mov dptr, #Voltage_LUT
02AE E533       103            mov a, voltage_avg
02B0 93         104            movc a, @a+dptr
02B1 F536       105            mov BCD, a
02B3 E533       106            mov a, voltage_avg
02B5 04         107            inc a
02B6 93         108            movc a, @a+dptr
02B7 F537       109            mov BCD+1, a    
02B9 22         110            ret
02BA            111   
02BA            112   myprogram: 
02BA 75817F     113    mov SP, #7FH ; Set the stack pointer 
02BD 75E800     114    mov LEDRA, #0 ; Turn off all LEDs 
02C0 759500     115    mov LEDRB, #0 
02C3 759E00     116    mov LEDRC, #0 
02C6 75F800     117    mov LEDG, #0 
02C9 759DFF     118    mov P3MOD, #11111111B ; Configure P3.0 to P3.7 as outputs 
02CC 7B00       119    mov R3, #0 ; Initialize counter to zero 
02CE 759A00     120    mov P0MOD, #0 ;set P0 as input (only care about p0.0)
02D1            121    
02D1 75C800     122    mov T2CON, #00H ; Autoreload is enabled, work as a timer
02D4 C2CA       123    clr TR2
02D6 C2CF       124    clr TF2
02D8            125    ; Set up timer 2 to interrupt every 10ms
02D8 75CB26     126    mov RCAP2H,#high(TIMER2_RELOAD)
02DB 75CAFD     127    mov RCAP2L,#low(TIMER2_RELOAD)
02DE D2CA       128    setb TR2
02E0 D2AD       129    setb ET2
02E2 D2AF       130    setb EA
02E4            131   Loop:
02E4 1202EF     132   lcall ADC_0
02E7            133   ;lcall ADC_1
02E7 1202AB     134   lcall lookup
02EA 120289     135   lcall display_hex
02ED 80F5       136   sjmp Loop
02EF            137   
02EF            138   ADC_0: 
02EF 75B000     139    mov P3, #0
02F2 75F800     140    mov LEDG, #0 
02F5 D2B7       141    setb P3.7
02F7 120270     142    lcall delay100us
02FA 309202     143    jnb P1.2, L1
02FD C2B7       144    clr p3.7
02FF            145   L1:
02FF D2B6       146    setb P3.6
0301 120270     147    lcall delay100us 
0304 309202     148    jnb P1.2, L2
0307 C2B6       149    clr p3.6
0309            150   L2:
0309 D2B5       151    setb P3.5
030B 120270     152    lcall delay100us
030E 309202     153    jnb P1.2, L3
0311 C2B5       154    clr p3.5
0313            155   L3:
0313 D2B4       156    setb P3.4
0315 120270     157    lcall delay100us
0318 309202     158    jnb P1.2, L4
031B C2B4       159    clr p3.4
031D            160   L4:
031D D2B3       161    setb P3.3
031F 120270     162    lcall delay100us
0322 309202     163    jnb P1.2, L5
0325 C2B3       164    clr p3.3
0327            165   L5:
0327 D2B2       166    setb P3.2
0329 120270     167    lcall delay100us
032C 309202     168    jnb P1.2, L6
032F C2B2       169    clr p3.2
0331            170   L6:
0331 D2B1       171    setb P3.1
0333 120270     172    lcall delay100us
0336 309202     173    jnb P1.2, L7
0339 C2B1       174    clr p3.1
033B            175   L7:
033B D2B0       176    setb P3.0
033D 120270     177    lcall delay100us
0340 309202     178    jnb P1.2, L8
0343 C2B0       179    clr p3.0
0345            180   L8: ;conversion done
0345 120270     181    lcall delay100us 
0348 85B0F8     182    mov LEDG, P3
034B 120270     183    lcall delay100us 
034E 120270     184    lcall delay100us 
0351 120270     185    lcall delay100us 
0354 85B030     186    mov voltage, P3
0357 22         187    ret
0358            188    
0358            189   ADC_1:
0358 75B000     190    mov P3, #0
035B 75E800     191    mov LEDRA, #0 
035E D2B7       192    setb P3.7
0360 120270     193    lcall delay100us
0363 309302     194    jnb P1.3, L1_ADC_1
0366 C2B7       195    clr p3.7
0368            196   L1_ADC_1:
0368 D2B6       197    setb P3.6
036A 120270     198    lcall delay100us 
036D 309302     199    jnb P1.3, L2_ADC_1
0370 C2B6       200    clr p3.6
0372            201   L2_ADC_1:
0372 D2B5       202    setb P3.5
0374 120270     203    lcall delay100us
0377 309302     204    jnb P1.3, L3_ADC_1
037A C2B5       205    clr p3.5
037C            206   L3_ADC_1:
037C D2B4       207    setb P3.4
037E 120270     208    lcall delay100us
0381 309302     209    jnb P1.3, L4_ADC_1
0384 C2B4       210    clr p3.4
0386            211   L4_ADC_1:
0386 D2B3       212    setb P3.3
0388 120270     213    lcall delay100us
038B 309302     214    jnb P1.3, L5_ADC_1
038E C2B3       215    clr p3.3
0390            216   L5_ADC_1:
0390 D2B2       217    setb P3.2
0392 120270     218    lcall delay100us
0395 309302     219    jnb P1.3, L6_ADC_1
0398 C2B2       220    clr p3.2
039A            221   L6_ADC_1:
039A D2B1       222    setb P3.1
039C 120270     223    lcall delay100us
039F 309302     224    jnb P1.3, L7_ADC_1
03A2 C2B1       225    clr p3.1
03A4            226   L7_ADC_1:
03A4 D2B0       227    setb P3.0
03A6 120270     228    lcall delay100us
03A9 309302     229    jnb P1.3, L8_ADC_1
03AC C2B0       230    clr p3.0
03AE            231   L8_ADC_1: ;conversion done
03AE 120270     232    lcall delay100us 
03B1 85B0E8     233    mov LEDRA, P3
03B4 120270     234    lcall delay100us 
03B7 120270     235    lcall delay100us 
03BA 120270     236    lcall delay100us 
03BD            237    ;mov voltage_1, P3
03BD 22         238    ret
03BE            239   
03BE            240    END 
