Flow report for LCD_DRIVER
Wed Oct 23 14:17:06 2013
Quartus II 64-Bit Version 13.0.0 Build 156 04/24/2013 SJ Web Edition


---------------------
; Table of Contents ;
---------------------
  1. Legal Notice
  2. Flow Summary
  3. Flow Settings
  4. Flow Non-Default Global Settings
  5. Flow Elapsed Time
  6. Flow OS Summary
  7. Flow Log
  8. Flow Messages
  9. Flow Suppressed Messages



----------------
; Legal Notice ;
----------------
Copyright (C) 1991-2013 Altera Corporation
Your use of Altera Corporation's design tools, logic functions 
and other software and tools, and its AMPP partner logic 
functions, and any output files from any of the foregoing 
(including device programming or simulation files), and any 
associated documentation or information are expressly subject 
to the terms and conditions of the Altera Program License 
Subscription Agreement, Altera MegaCore Function License 
Agreement, or other applicable license agreement, including, 
without limitation, that your use is for the sole purpose of 
programming logic devices manufactured by Altera and sold by 
Altera or its authorized distributors.  Please refer to the 
applicable agreement for further details.



+---------------------------------------------------------------------------------+
; Flow Summary                                                                    ;
+------------------------------------+--------------------------------------------+
; Flow Status                        ; Successful - Wed Oct 23 14:17:06 2013      ;
; Quartus II 64-Bit Version          ; 13.0.0 Build 156 04/24/2013 SJ Web Edition ;
; Revision Name                      ; LCD_DRIVER                                 ;
; Top-level Entity Name              ; LCD_Display_Controller                     ;
; Family                             ; Cyclone II                                 ;
; Device                             ; EP2C35F672C6                               ;
; Timing Models                      ; Final                                      ;
; Total logic elements               ; 132 / 33,216 ( < 1 % )                     ;
;     Total combinational functions  ; 132 / 33,216 ( < 1 % )                     ;
;     Dedicated logic registers      ; 30 / 33,216 ( < 1 % )                      ;
; Total registers                    ; 30                                         ;
; Total pins                         ; 21 / 475 ( 4 % )                           ;
; Total virtual pins                 ; 0                                          ;
; Total memory bits                  ; 0 / 483,840 ( 0 % )                        ;
; Embedded Multiplier 9-bit elements ; 0 / 70 ( 0 % )                             ;
; Total PLLs                         ; 0 / 4 ( 0 % )                              ;
+------------------------------------+--------------------------------------------+


+-----------------------------------------+
; Flow Settings                           ;
+-------------------+---------------------+
; Option            ; Setting             ;
+-------------------+---------------------+
; Start date & time ; 10/23/2013 14:16:48 ;
; Main task         ; Compilation         ;
; Revision Name     ; LCD_DRIVER          ;
+-------------------+---------------------+


+--------------------------------------------------------------------------------------------------------------------------------+
; Flow Non-Default Global Settings                                                                                               ;
+-------------------------------------+--------------------------------+---------------+------------------------+----------------+
; Assignment Name                     ; Value                          ; Default Value ; Entity Name            ; Section Id     ;
+-------------------------------------+--------------------------------+---------------+------------------------+----------------+
; COMPILER_SIGNATURE_ID               ; 39627055620909.138256300805988 ; --            ; --                     ; --             ;
; CYCLONEII_OPTIMIZATION_TECHNIQUE    ; Speed                          ; Balanced      ; --                     ; --             ;
; EDA_GENERATE_FUNCTIONAL_NETLIST     ; Off                            ; --            ; --                     ; eda_simulation ;
; EDA_OUTPUT_DATA_FORMAT              ; Verilog Hdl                    ; --            ; --                     ; eda_simulation ;
; EDA_SIMULATION_TOOL                 ; ModelSim-Altera (Verilog)      ; <None>        ; --                     ; --             ;
; EDA_TIME_SCALE                      ; 1 ps                           ; --            ; --                     ; eda_simulation ;
; MAX_CORE_JUNCTION_TEMP              ; 85                             ; --            ; --                     ; --             ;
; MIN_CORE_JUNCTION_TEMP              ; 0                              ; --            ; --                     ; --             ;
; PARTITION_COLOR                     ; 16764057                       ; --            ; LCD_Display_Controller ; Top            ;
; PARTITION_FITTER_PRESERVATION_LEVEL ; PLACEMENT_AND_ROUTING          ; --            ; LCD_Display_Controller ; Top            ;
; PARTITION_NETLIST_TYPE              ; SOURCE                         ; --            ; LCD_Display_Controller ; Top            ;
; TOP_LEVEL_ENTITY                    ; LCD_Display_Controller         ; LCD_DRIVER    ; --                     ; --             ;
; USE_GENERATED_PHYSICAL_CONSTRAINTS  ; Off                            ; --            ; --                     ; eda_blast_fpga ;
+-------------------------------------+--------------------------------+---------------+------------------------+----------------+


+-------------------------------------------------------------------------------------------------------------------------------+
; Flow Elapsed Time                                                                                                             ;
+---------------------------+--------------+-------------------------+---------------------+------------------------------------+
; Module Name               ; Elapsed Time ; Average Processors Used ; Peak Virtual Memory ; Total CPU Time (on all processors) ;
+---------------------------+--------------+-------------------------+---------------------+------------------------------------+
; Analysis & Synthesis      ; 00:00:03     ; 1.0                     ; 494 MB              ; 00:00:02                           ;
; Fitter                    ; 00:00:07     ; 1.0                     ; 1024 MB             ; 00:00:08                           ;
; Assembler                 ; 00:00:02     ; 1.0                     ; 440 MB              ; 00:00:02                           ;
; TimeQuest Timing Analyzer ; 00:00:02     ; 1.0                     ; 470 MB              ; 00:00:01                           ;
; EDA Netlist Writer        ; 00:00:00     ; 1.0                     ; 383 MB              ; 00:00:00                           ;
; Total                     ; 00:00:14     ; --                      ; --                  ; 00:00:13                           ;
+---------------------------+--------------+-------------------------+---------------------+------------------------------------+


+----------------------------------------------------------------------------------------+
; Flow OS Summary                                                                        ;
+---------------------------+------------------+-----------+------------+----------------+
; Module Name               ; Machine Hostname ; OS Name   ; OS Version ; Processor type ;
+---------------------------+------------------+-----------+------------+----------------+
; Analysis & Synthesis      ; esecules-PC      ; Windows 7 ; 6.1        ; x86_64         ;
; Fitter                    ; esecules-PC      ; Windows 7 ; 6.1        ; x86_64         ;
; Assembler                 ; esecules-PC      ; Windows 7 ; 6.1        ; x86_64         ;
; TimeQuest Timing Analyzer ; esecules-PC      ; Windows 7 ; 6.1        ; x86_64         ;
; EDA Netlist Writer        ; esecules-PC      ; Windows 7 ; 6.1        ; x86_64         ;
+---------------------------+------------------+-----------+------------+----------------+


------------
; Flow Log ;
------------
quartus_map --read_settings_files=on --write_settings_files=off LCD_DRIVER -c LCD_DRIVER
quartus_fit --read_settings_files=off --write_settings_files=off LCD_DRIVER -c LCD_DRIVER
quartus_asm --read_settings_files=off --write_settings_files=off LCD_DRIVER -c LCD_DRIVER
quartus_sta LCD_DRIVER -c LCD_DRIVER
quartus_eda --read_settings_files=off --write_settings_files=off LCD_DRIVER -c LCD_DRIVER



