Flow report for VCR
Thu Oct 24 14:07:49 2013
Quartus II 64-Bit Version 13.0.0 Build 156 04/24/2013 SJ Web Edition


---------------------
; Table of Contents ;
---------------------
  1. Legal Notice
  2. Flow Summary
  3. Flow Settings
  4. Flow Non-Default Global Settings
  5. Flow Elapsed Time
  6. Flow OS Summary
  7. Flow Log
  8. Flow Messages
  9. Flow Suppressed Messages



----------------
; Legal Notice ;
----------------
Copyright (C) 1991-2013 Altera Corporation
Your use of Altera Corporation's design tools, logic functions 
and other software and tools, and its AMPP partner logic 
functions, and any output files from any of the foregoing 
(including device programming or simulation files), and any 
associated documentation or information are expressly subject 
to the terms and conditions of the Altera Program License 
Subscription Agreement, Altera MegaCore Function License 
Agreement, or other applicable license agreement, including, 
without limitation, that your use is for the sole purpose of 
programming logic devices manufactured by Altera and sold by 
Altera or its authorized distributors.  Please refer to the 
applicable agreement for further details.



+---------------------------------------------------------------------------------+
; Flow Summary                                                                    ;
+------------------------------------+--------------------------------------------+
; Flow Status                        ; Successful - Thu Oct 24 14:07:49 2013      ;
; Quartus II 64-Bit Version          ; 13.0.0 Build 156 04/24/2013 SJ Web Edition ;
; Revision Name                      ; VCR                                        ;
; Top-level Entity Name              ; Top_level_VCR                              ;
; Family                             ; Cyclone II                                 ;
; Device                             ; EP2C35F672C6                               ;
; Timing Models                      ; Final                                      ;
; Total logic elements               ; 1,874 / 33,216 ( 6 % )                     ;
;     Total combinational functions  ; 1,874 / 33,216 ( 6 % )                     ;
;     Dedicated logic registers      ; 78 / 33,216 ( < 1 % )                      ;
; Total registers                    ; 78                                         ;
; Total pins                         ; 69 / 475 ( 15 % )                          ;
; Total virtual pins                 ; 0                                          ;
; Total memory bits                  ; 0 / 483,840 ( 0 % )                        ;
; Embedded Multiplier 9-bit elements ; 0 / 70 ( 0 % )                             ;
; Total PLLs                         ; 0 / 4 ( 0 % )                              ;
+------------------------------------+--------------------------------------------+


+-----------------------------------------+
; Flow Settings                           ;
+-------------------+---------------------+
; Option            ; Setting             ;
+-------------------+---------------------+
; Start date & time ; 10/24/2013 14:07:22 ;
; Main task         ; Compilation         ;
; Revision Name     ; VCR                 ;
+-------------------+---------------------+


+------------------------------------------------------------------------------------------------------------------------+
; Flow Non-Default Global Settings                                                                                       ;
+-------------------------------------+--------------------------------+---------------+----------------+----------------+
; Assignment Name                     ; Value                          ; Default Value ; Entity Name    ; Section Id     ;
+-------------------------------------+--------------------------------+---------------+----------------+----------------+
; COMPILER_SIGNATURE_ID               ; 39627055620909.138264884220840 ; --            ; --             ; --             ;
; EDA_GENERATE_FUNCTIONAL_NETLIST     ; On                             ; --            ; --             ; eda_simulation ;
; EDA_OUTPUT_DATA_FORMAT              ; Verilog Hdl                    ; --            ; --             ; eda_simulation ;
; EDA_SIMULATION_TOOL                 ; ModelSim-Altera (Verilog)      ; <None>        ; --             ; --             ;
; MAX_CORE_JUNCTION_TEMP              ; 85                             ; --            ; --             ; --             ;
; MIN_CORE_JUNCTION_TEMP              ; 0                              ; --            ; --             ; --             ;
; PARTITION_COLOR                     ; 16764057                       ; --            ; Top_level_VCR  ; Top            ;
; PARTITION_COLOR                     ; 16764057                       ; --            ; VCR_CONTROLLER ; Top            ;
; PARTITION_FITTER_PRESERVATION_LEVEL ; PLACEMENT_AND_ROUTING          ; --            ; Top_level_VCR  ; Top            ;
; PARTITION_FITTER_PRESERVATION_LEVEL ; PLACEMENT_AND_ROUTING          ; --            ; VCR_CONTROLLER ; Top            ;
; PARTITION_NETLIST_TYPE              ; SOURCE                         ; --            ; Top_level_VCR  ; Top            ;
; PARTITION_NETLIST_TYPE              ; SOURCE                         ; --            ; VCR_CONTROLLER ; Top            ;
; PROJECT_OUTPUT_DIRECTORY            ; output_files                   ; --            ; --             ; --             ;
; TOP_LEVEL_ENTITY                    ; Top_level_VCR                  ; VCR           ; --             ; --             ;
+-------------------------------------+--------------------------------+---------------+----------------+----------------+


+-------------------------------------------------------------------------------------------------------------------------------+
; Flow Elapsed Time                                                                                                             ;
+---------------------------+--------------+-------------------------+---------------------+------------------------------------+
; Module Name               ; Elapsed Time ; Average Processors Used ; Peak Virtual Memory ; Total CPU Time (on all processors) ;
+---------------------------+--------------+-------------------------+---------------------+------------------------------------+
; Analysis & Synthesis      ; 00:00:08     ; 1.0                     ; 523 MB              ; 00:00:07                           ;
; Fitter                    ; 00:00:10     ; 1.7                     ; 1042 MB             ; 00:00:14                           ;
; Assembler                 ; 00:00:02     ; 1.0                     ; 445 MB              ; 00:00:02                           ;
; TimeQuest Timing Analyzer ; 00:00:02     ; 1.0                     ; 497 MB              ; 00:00:02                           ;
; EDA Netlist Writer        ; 00:00:01     ; 1.0                     ; 406 MB              ; 00:00:01                           ;
; Total                     ; 00:00:23     ; --                      ; --                  ; 00:00:26                           ;
+---------------------------+--------------+-------------------------+---------------------+------------------------------------+


+----------------------------------------------------------------------------------------+
; Flow OS Summary                                                                        ;
+---------------------------+------------------+-----------+------------+----------------+
; Module Name               ; Machine Hostname ; OS Name   ; OS Version ; Processor type ;
+---------------------------+------------------+-----------+------------+----------------+
; Analysis & Synthesis      ; esecules-PC      ; Windows 7 ; 6.1        ; x86_64         ;
; Fitter                    ; esecules-PC      ; Windows 7 ; 6.1        ; x86_64         ;
; Assembler                 ; esecules-PC      ; Windows 7 ; 6.1        ; x86_64         ;
; TimeQuest Timing Analyzer ; esecules-PC      ; Windows 7 ; 6.1        ; x86_64         ;
; EDA Netlist Writer        ; esecules-PC      ; Windows 7 ; 6.1        ; x86_64         ;
+---------------------------+------------------+-----------+------------+----------------+


------------
; Flow Log ;
------------
quartus_map --read_settings_files=on --write_settings_files=off VCR -c VCR
quartus_fit --read_settings_files=off --write_settings_files=off VCR -c VCR
quartus_asm --read_settings_files=off --write_settings_files=off VCR -c VCR
quartus_sta VCR -c VCR
quartus_eda --read_settings_files=off --write_settings_files=off VCR -c VCR



