0000              1   TEMP_LUT:
0000 0190018F     2    DW      400,       399,        397,        396,        395,        393,        392,        390,        389,        388,        386,        385,        384,        382,        381,        380
     018D018C
     018B0189
     01880186
     01850184
     01820181
     0180017E
     017D017C
0020 017A0179     3    DW     378,       377,        375,        374,        373,        371,        370,        369,        367,        366,        364,        363,        362,        360,        359,        358
     01770176
     01750173
     01720171
     016F016E
     016C016B
     016A0168
     01670166
0040 01640163     4    DW     356,       355,        354,        352,        351,        349,        348,        347,        345,        344,        343,        341,        340,        339,        337,        336
     01620160
     015F015D
     015C015B
     01590158
     01570155
     01540153
     01510150
0060 014E014D     5    DW     334,       333,        332,        330,        329,        328,        326,        325,        324,        322,        321,        319,        318,        317,        315,        314
     014C014A
     01490148
     01460145
     01440142
     0141013F
     013E013D
     013B013A
0080 01390137     6    DW     313,       311,        310,        309,        307,        306,        304,        303,        302,        300,        299,        298,        296,        295,        293,        292
     01360135
     01330132
     0130012F
     012E012C
     012B012A
     01280127
     01250124
00A0 01230121     7    DW     291,       289,        288,        287,        285,        284,        283,        281,        280,        278,        277,        276,        274,        273,        272,        270
     0120011F
     011D011C
     011B0119
     01180116
     01150114
     01120111
     0110010E
00C0 010D010C     8    DW     269,       268,        266,        265,        263,        262,        261,        259,        258,        257,        255,        254,        253,        251,        250,        248
     010A0109
     01070106
     01050103
     01020101
     00FF00FE
     00FD00FB
     00FA00F8
00E0 00F700F6     9    DW     247,       246,        244,        243,        242,        240,        239,        238,        236,        235,        233,        232,        231,        229,        228,        227
     00F400F3
     00F200F0
     00EF00EE
     00EC00EB
     00E900E8
     00E700E5
     00E400E3
0100 00E100E0    10    DW     225,       224,        222,        221,        220,        218,        217,        216,        214,        213,        212,        210,        209,        207,        206,        205
     00DE00DD
     00DC00DA
     00D900D8
     00D600D5
     00D400D2
     00D100CF
     00CE00CD
0120 00CB00CA    11    DW     203,       202,        201,        199,        198,        197,        195,        194,        192,       191,        190,        188,        187,        186,        184,        183
     00C900C7
     00C600C5
     00C300C2
     00C000BF
     00BE00BC
     00BB00BA
     00B800B7
0140 00B600B4    12    DW     182,       180,        179,        177,        176,        175,        173,        172,        171,        169,        168,        166,        165,        164,        162,        161
     00B300B1
     00B000AF
     00AD00AC
     00AB00A9
     00A800A6
     00A500A4
     00A200A1
0160 00A0009E    13    DW     160,       158,        157,        156,        154,        153,        151,        150,        149,        147,        146,        145,        143,        142,        141,        139
     009D009C
     009A0099
     00970096
     00950093
     00920091
     008F008E
     008D008B
0180 008A0088    14    DW     138,       136,        135,        134,        132,        131,        130,        128,        127,        126,        124,        123,        121,        120,        119,        117
     00870086
     00840083
     00820080
     007F007E
     007C007B
     00790078
     00770075
01A0 00740073    15    DW     116,       115,        113,        112,        111,        109,        108,        106,        105,        104,        102,        101,        100,         98,         97,         95
     00710070
     006F006D
     006C006A
     00690068
     00660065
     00640062
     0061005F
01C0 005E005D    16    DW       94,         93,         91,         90,         89,         87,         86,         85,         83,         82,         80,         79,         78,         76,         75,         74
     005B005A
     00590057
     00560055
     00530052
     0050004F
     004E004C
     004B004A
01E0 00480047    17    DW       72,         71,         70,         68,         67,         65,         64,         63,         61,         60,         59,         57,         56,         55,         53,         52
     00460044
     00430041
     0040003F
     003D003C
     003B0039
     00380037
     00350034
0200 00320031    18    DW       50,         49,         48,         46,         45,         44,         42,         41,         40,         38,         37,         35,         34,         33,         31,         30
     0030002E
     002D002C
     002A0029
     00280026
     00250023
     00220021
     001F001E
0220 001D001B    19    DW       29,         27,         26,         24,         23,         22,         20,         19,         18,         16,         15,         14,         12,         11,          9,          8
     001A0018
     00170016
     00140013
     00120010
     000F000E
     000C000B
     00090008
0240 00070005    20    DW        7,          5,          4,          3,          1,          0,          1,          3,          4,          6,          7,          8,         10,         11,         12,         14
     00040003
     00010000
     00010003
     00040006
     00070008
     000A000B
     000C000E
0260 000F0010    21    DW       15,         16,         18,         19,         21,         22,         23,         25,         26,         27,         29,         30,         32,         33,         34,         36
     00120013
     00150016
     00170019
     001A001B
     001D001E
     00200021
     00220024
0280 00250026    22    DW       37,         38,         40,         41,         42,         44,         45,         47,         48,         49,         51,         52,         53,         55,         56,         57
     00280029
     002A002C
     002D002F
     00300031
     00330034
     00350037
     00380039
02A0 003B003C    23    DW       59,         60,         62,         63,         64,         66,         67,         68,         70,         71,         72,         74,         75,         77,         78,         79
     003E003F
     00400042
     00430044
     00460047
     0048004A
     004B004D
     004E004F
02C0 00510052    24    DW       81,         82,         83,         85,         86,         87,         89,         90,         92,         93,         94,         96,         97,         98,        100,        101
     00530055
     00560057
     0059005A
     005C005D
     005E0060
     00610062
     00640065
02E0 00670068    25    DW      103,        104,        105,        107,        108,        109,        111,        112,        113,        115,        116,        118,        119,        120,        122,        123
     0069006B
     006C006D
     006F0070
     00710073
     00740076
     00770078
     007A007B
0300 007C007E    26    DW      124,        126,        127,        128,        130,        131,        133,        134,        135,        137,        138,        139,        141,        142,        143,        145
     007F0080
     00820083
     00850086
     00870089
     008A008B
     008D008E
     008F0091
0320 00920094    27    DW      146,        148,        149,        150,        152,        153,        154,        156,        157,        159,        160,        161,        163,        164,        165,        167
     00950096
     00980099
     009A009C
     009D009F
     00A000A1
     00A300A4
     00A500A7
0340 00A800A9    28    DW      168,        169,        171,        172,        174,        175,        176,        178,        179,        180,        182,        183,        184,        186,        187,        189
     00AB00AC
     00AE00AF
     00B000B2
     00B300B4
     00B600B7
     00B800BA
     00BB00BD
0360 00BE00BF    29    DW      190,        191,        193,        194,        195,        197,        198,        199,        201,        202,        204,        205,        206,        208,        209,        210
     00C100C2
     00C300C5
     00C600C7
     00C900CA
     00CC00CD
     00CE00D0
     00D100D2
0380 00D400D5    30    DW      212,        213,        214,        216,        217,        219,        220,        221,        223,        224,        225,        227,        228,        230,        231,        232
     00D600D8
     00D900DB
     00DC00DD
     00DF00E0
     00E100E3
     00E400E6
     00E700E8
03A0 00EA00EB    31    DW      234,        235,        236,        238,        239,        240,        242,        243,        245,        246,        247,        249,        250,        251,        253,        254
     00EC00EE
     00EF00F0
     00F200F3
     00F500F6
     00F700F9
     00FA00FB
     00FD00FE
03C0 00FF0101    32    DW      255,        257,        258,        260,        261,        262,        264,        265,        266,        268,        269,        270,        272,        273,        275,        276
     01020104
     01050106
     01080109
     010A010C
     010D010E
     01100111
     01130114
03E0 01150117    33    DW      277,        279,        280,        281,        283,        284,        285,        287,        288,        290,        291,        292,        294,        295,        296,        298
     01180119
     011B011C
     011D011F
     01200122
     01230124
     01260127
     0128012A
0400 012B012D    34    DW      299,        301,        302,        303,        305,        306,        307,        309,        310,        311,        313,        314,        316,        317,        318,        320
     012E012F
     01310132
     01330135
     01360137
     0139013A
     013C013D
     013E0140
0420 01410142    35    DW      321,        322,        324,        325,        326,        328,        329,        331,        332,        333,        335,        336,        337,        339,        340,        341
     01440145
     01460148
     0149014B
     014C014D
     014F0150
     01510153
     01540155
0440 01570158    36    DW      343,        344,        346,        347,        348,        350,        351,        352,        354,        355,        357,        358,        359,        361,        362,        363
     015A015B
     015C015E
     015F0160
     01620163
     01650166
     01670169
     016A016B
0460 016D016E    37    DW      365,        366,        367,        369,        370,        372,        373,        374,        376,        377,        378,        380,        381,        382,        384,        385
     016F0171
     01720174
     01750176
     01780179
     017A017C
     017D017E
     01800181
0480 01830184    38    DW      387,        388,        389,        391,        392,        393,        395,        396,        397,        399,        400,        402,        403,        404,        406,        407
     01850187
     01880189
     018B018C
     018D018F
     01900192
     01930194
     01960197
04A0 0198019A    39    DW      408,        410,        411,        412,        414,        415,        417,        418,        419,        421,        422,        423,        425,        426,        428,        429
     019B019C
     019E019F
     01A101A2
     01A301A5
     01A601A7
     01A901AA
     01AC01AD
04C0 01AE01B0    40    DW      430,        432,        433,        434,        436,        437,        438,        440,        441,        443,        444,        445,        447,        448,        449,        451
     01B101B2
     01B401B5
     01B601B8
     01B901BB
     01BC01BD
     01BF01C0
     01C101C3
04E0 01C401C5    41    DW      452,        453,        455,        456,        458,        459,        460,        462,        463,        464,        466,        467,        468,        470,        471,        473
     01C701C8
     01CA01CB
     01CC01CE
     01CF01D0
     01D201D3
     01D401D6
     01D701D9
0500 01DA01DB    42    DW      474,        475,        477,        478,        479,        481,        482,        483,        485,        486,        488,        489,        490,        492,        493,        494
     01DD01DE
     01DF01E1
     01E201E3
     01E501E6
     01E801E9
     01EA01EC
     01ED01EE
0520 01F001F1    43    DW      496,        497,        499,        500,        501,        503,        504,        505,        507,        508,        509,        511,        512,        514,        515,        516
     01F301F4
     01F501F7
     01F801F9
     01FB01FC
     01FD01FF
     02000202
     02030204
0540 02060207    44    DW      518,        519,        520,        522,        523,        524,        526,        527,        529,        530,        531,        533,        534,        535,        537,        538
     0208020A
     020B020C
     020E020F
     02110212
     02130215
     02160217
     0219021A
0560 021B021D    45    DW      539,        541,        542,        544,        545,        546,        548,        549,        550,        552,        553,        555,        556,        557,        559,        560
     021E0220
     02210222
     02240225
     02260228
     0229022B
     022C022D
     022F0230
0580 02310233    46    DW      561,        563,        564,        565,        567,        568,        570,        571,        572,        574,        575,        576,        578,        579,        580,        582
     02340235
     02370238
     023A023B
     023C023E
     023F0240
     02420243
     02440246
05A0 02470249    47    DW      583,        585,        586,        587,        589,        590,        591,        593,        594,        595,        597,        598,        600,        601,        602,        604
     024A024B
     024D024E
     024F0251
     02520253
     02550256
     02580259
     025A025C
05C0 025D025E    48    DW      605,        606,        608,        609,        610,        612,        613,        615,        616,        617,        619,        620,        621,        623,        624,        626
     02600261
     02620264
     02650267
     02680269
     026B026C
     026D026F
     02700272
05E0 02730274    49    DW      627,        628,        630,        631,        632,        634,        635,        636,        638,        639,        641,        642,        643,        645,        646,        647
     02760277
     0278027A
     027B027C
     027E027F
     02810282
     02830285
     02860287
0600 0289028A    50    DW      649,        650,        651,        653,        654,        656,        657,        658,        660,        661,        662,        664,        665,        666,        668,        669
     028B028D
     028E0290
     02910292
     02940295
     02960298
     0299029A
     029C029D
0620 029F02A0    51    DW      671,        672,        673,        675,        676,        677,        679,        680,        681,        683,        684,        686,        687,        688,        690,        691
     02A102A3
     02A402A5
     02A702A8
     02A902AB
     02AC02AE
     02AF02B0
     02B202B3
0640 02B402B6    52    DW      692,        694,        695,        697,        698,        699,        701,        702,        703,        705,        706,        707,        709,        710,        712,        713
     02B702B9
     02BA02BB
     02BD02BE
     02BF02C1
     02C202C3
     02C502C6
     02C802C9
0660 02CA02CC    53    DW      714,        716,        717,        718,        720,        721,        722,        724,        725,        727,        728,        729,        731,        732,        733,        735
     02CD02CE
     02D002D1
     02D202D4
     02D502D7
     02D802D9
     02DB02DC
     02DD02DF
0680 02E002E1    54    DW      736,        737,        739,        740,        742,        743,        744,        746,        747,        748,        750,        751,        753,        754,        755,        757
     02E302E4
     02E602E7
     02E802EA
     02EB02EC
     02EE02EF
     02F102F2
     02F302F5
06A0 02F602F7    55    DW      758,        759,        761,        762,        763,        765,        766,        768,        769,        770,        772,        773,        774,        776,        777,        778
     02F902FA
     02FB02FD
     02FE0300
     03010302
     03040305
     03060308
     0309030A
06C0 030C030D    56    DW      780,        781,        783,        784,        785,        787,        788,        789,        791,        792,        793,        795,        796,        798,        799,        800
     030F0310
     03110313
     03140315
     03170318
     0319031B
     031C031E
     031F0320
06E0 03220323    57    DW      802,        803,        804,        806,        807,        808,        810,        811,        813,        814,        815,        817,        818,        819,        821,        822
     03240326
     03270328
     032A032B
     032D032E
     032F0331
     03320333
     03350336
0700 03380339    58    DW      824,        825,        826,        828,        829,        830,        832,        833,        834,        836,        837,        839,        840,        841,        843,        844
     033A033C
     033D033E
     03400341
     03420344
     03450347
     03480349
     034B034C
0720 034D034F    59    DW      845,        847,        848,        849,        851,        852,        854,        855,        856,        858,        859,        860,        862,        863,        864,        866
     03500351
     03530354
     03560357
     0358035A
     035B035C
     035E035F
     03600362
0740 03630365    60    DW      867,        869,        870,        871,        873,        874,        875,        877,        878,        880,        881,        882,        884,        885,        886,        888
     03660367
     0369036A
     036B036D
     036E0370
     03710372
     03740375
     03760378
0760 0379037A    61    DW      889,        890,        892,        893,        895,        896,        897,        899,        900,        901,        903,        904,        905,        907,        908,        910
     037C037D
     037F0380
     03810383
     03840385
     03870388
     0389038B
     038C038E
0780 038F0390    62    DW      911,        912,        914,        915,        916,        918,        919,        920,        922,        923,        925,        926,        927,        929,        930,        931
     03920393
     03940396
     03970398
     039A039B
     039D039E
     039F03A1
     03A203A3
07A0 03A503A6    63    DW      933,        934,        935,        937,        938,        940,        941,        942,        944,        945,        946,        948,        949,        951,        952,        953
     03A703A9
     03AA03AC
     03AD03AE
     03B003B1
     03B203B4
     03B503B7
     03B803B9
07C0 03BB03BC    64    DW      955,        956,        957,        959,        960,        961,        963,        964,        966,        967,        968,        970,        971,        972,        974,        975
     03BD03BF
     03C003C1
     03C303C4
     03C603C7
     03C803CA
     03CB03CC
     03CE03CF
07E0 03D003D2    65    DW      976,        978,        979,        981,        982,        983,        985,        986,        987,        989,        990,        991,        993,        994,        996,        997
     03D303D5
     03D603D7
     03D903DA
     03DB03DD
     03DE03DF
     03E103E2
     03E403E5
