001E              1   DSEG at 30
001E              2   x:               ds 2
0020              3   y:               ds 2
0022              4   bcd:     ds 3
0025              5   adc:     ds 2
0000              6   bseg
0000              7   mf:   dbit 1
0001              8   
0000              9   CSEG
                 -1   $modde2
0000              1   ;  MODDDE2: Register definition for DE2-8052 softcore
0000              2   ;
0000              3   ;   Copyright (C) 2011  Jesus Calvino-Fraga, jesusc at ece.ubc.ca
0000              4   ;
0000              5   ;   This library is free software; you can redistribute it and/or
0000              6   ;   modify it under the terms of the GNU Lesser General Public
0000              7   ;   License as published by the Free Software Foundation; either
0000              8   ;   version 2.1 of the License, or (at your option) any later version.
0000              9   ;
0000             10   ;   This library is distributed in the hope that it will be useful,
0000             11   ;   but WITHOUT ANY WARRANTY; without even the implied warranty of
0000             12   ;   MERCHANTABILITY or FITNESS FOR A PARTICULAR PURPOSE.  See the GNU
0000             13   ;   Lesser General Public License for more details.
0000             14   ;
0000             15   ;   You should have received a copy of the GNU Lesser General Public
0000             16   ;   License along with this library; if not, write to the Free Software
0000             17   ;   Foundation, Inc., 59 Temple Place, Suite 330, Boston, MA  02111-1307 USA
0000             18   ;
0000             19       
0000             20   P0     DATA  080H  ;PORT 0
0000             21   SP     DATA  081H  ;STACK POINTER
0000             22   DPL    DATA  082H  ;DATA POINTER - LOW BYTE
0000             23   DPH    DATA  083H  ;DATA POINTER - HIGH BYTE
0000             24   PCON   DATA  087H  ;POWER CONTROL
0000             25   TCON   DATA  088H  ;TIMER CONTROL
0000             26   TMOD   DATA  089H  ;TIMER MODE
0000             27   TL0    DATA  08AH  ;TIMER 0 - LOW BYTE
0000             28   TL1    DATA  08BH  ;TIMER 1 - LOW BYTE
0000             29   TH0    DATA  08CH  ;TIMER 0 - HIGH BYTE
0000             30   TH1    DATA  08DH  ;TIMER 1 - HIGH BYTE
0000             31   P1     DATA  090H  ;PORT 1
0000             32   SCON   DATA  098H  ;SERIAL PORT CONTROL
0000             33   SBUF   DATA  099H  ;SERIAL PORT BUFFER
0000             34   P2     DATA  0A0H  ;PORT 2
0000             35   IE     DATA  0A8H  ;INTERRUPT ENABLE
0000             36   P3     DATA  0B0H  ;PORT 3
0000             37   IP     DATA  0B8H  ;INTERRUPT PRIORITY
0000             38   T2CON  DATA  0C8H  ;TIMER 2 CONTROL
0000             39   T2MOD  DATA  0C9H  ;TIMER 2 MODE
0000             40   RCAP2L DATA  0CAH  ;TIMER 2 CAPTURE REGISTER - LOW BYTE
0000             41   RCAP2H DATA  0CBH  ;TIMER 2 CAPTURE REGISTER - HIGH BYTE
0000             42   TL2    DATA  0CCH  ;TIMER 2 - LOW BYTE
0000             43   TH2    DATA  0CDH  ;TIMER 2 - HIGH BYTE
0000             44   PSW    DATA  0D0H  ;PROGRAM STATUS WORD
0000             45   ACC    DATA  0E0H  ;ACCUMULATOR
0000             46   B      DATA  0F0H  ;MULTIPLICATION REGISTER
0000             47   IT0    BIT   088H  ;TCON.0 - EXT. INTERRUPT 0 TYPE
0000             48   IE0    BIT   089H  ;TCON.1 - EXT. INTERRUPT 0 EDGE FLAG
0000             49   IT1    BIT   08AH  ;TCON.2 - EXT. INTERRUPT 1 TYPE
0000             50   IE1    BIT   08BH  ;TCON.3 - EXT. INTERRUPT 1 EDGE FLAG
0000             51   TR0    BIT   08CH  ;TCON.4 - TIMER 0 ON/OFF CONTROL
0000             52   TF0    BIT   08DH  ;TCON.5 - TIMER 0 OVERFLOW FLAG
0000             53   TR1    BIT   08EH  ;TCON.6 - TIMER 1 ON/OFF CONTROL
0000             54   TF1    BIT   08FH  ;TCON.7 - TIMER 1 OVERFLOW FLAG
0000             55   RI     BIT   098H  ;SCON.0 - RECEIVE INTERRUPT FLAG
0000             56   TI     BIT   099H  ;SCON.1 - TRANSMIT INTERRUPT FLAG
0000             57   RB8    BIT   09AH  ;SCON.2 - RECEIVE BIT 8
0000             58   TB8    BIT   09BH  ;SCON.3 - TRANSMIT BIT 8
0000             59   REN    BIT   09CH  ;SCON.4 - RECEIVE ENABLE
0000             60   SM2    BIT   09DH  ;SCON.5 - SERIAL MODE CONTROL BIT 2
0000             61   SM1    BIT   09EH  ;SCON.6 - SERIAL MODE CONTROL BIT 1
0000             62   SM0    BIT   09FH  ;SCON.7 - SERIAL MODE CONTROL BIT 0
0000             63   EX0    BIT   0A8H  ;IE.0 - EXTERNAL INTERRUPT 0 ENABLE
0000             64   ET0    BIT   0A9H  ;IE.1 - TIMER 0 INTERRUPT ENABLE
0000             65   EX1    BIT   0AAH  ;IE.2 - EXTERNAL INTERRUPT 1 ENABLE
0000             66   ET1    BIT   0ABH  ;IE.3 - TIMER 1 INTERRUPT ENABLE
0000             67   ES     BIT   0ACH  ;IE.4 - SERIAL PORT INTERRUPT ENABLE
0000             68   ET2    BIT   0ADH  ;IE.5 - TIMER 2 INTERRUPT ENABLE
0000             69   EA     BIT   0AFH  ;IE.7 - GLOBAL INTERRUPT ENABLE
0000             70   RXD    BIT   0B0H  ;P3.0 - SERIAL PORT RECEIVE INPUT
0000             71   TXD    BIT   0B1H  ;P3.1 - SERIAL PORT TRANSMIT OUTPUT
0000             72   INT0   BIT   0B2H  ;P3.2 - EXTERNAL INTERRUPT 0 INPUT
0000             73   INT1   BIT   0B3H  ;P3.3 - EXTERNAL INTERRUPT 1 INPUT
0000             74   T0     BIT   0B4H  ;P3.4 - TIMER 0 COUNT INPUT
0000             75   T1     BIT   0B5H  ;P3.5 - TIMER 1 COUNT INPUT
0000             76   WR     BIT   0B6H  ;P3.6 - WRITE CONTROL FOR EXT. MEMORY
0000             77   RD     BIT   0B7H  ;P3.7 - READ CONTROL FOR EXT. MEMORY
0000             78   PX0    BIT   0B8H  ;IP.0 - EXTERNAL INTERRUPT 0 PRIORITY
0000             79   PT0    BIT   0B9H  ;IP.1 - TIMER 0 PRIORITY
0000             80   PX1    BIT   0BAH  ;IP.2 - EXTERNAL INTERRUPT 1 PRIORITY
0000             81   PT1    BIT   0BBH  ;IP.3 - TIMER 1 PRIORITY
0000             82   PS     BIT   0BCH  ;IP.4 - SERIAL PORT PRIORITY
0000             83   PT2    BIT   0BDH  ;IP.5 - TIMER 2 PRIORITY
0000             84   CAP2   BIT   0C8H  ;T2CON.0 - CAPTURE OR RELOAD SELECT
0000             85   CNT2   BIT   0C9H  ;T2CON.1 - TIMER OR COUNTER SELECT
0000             86   TR2    BIT   0CAH  ;T2CON.2 - TIMER 2 ON/OFF CONTROL
0000             87   EXEN2  BIT   0CBH  ;T2CON.3 - TIMER 2 EXTERNAL ENABLE FLAG
0000             88   TCLK   BIT   0CCH  ;T2CON.4 - TRANSMIT CLOCK SELECT
0000             89   RCLK   BIT   0CDH  ;T2CON.5 - RECEIVE CLOCK SELECTT
0000             90   EXF2   BIT   0CEH  ;T2CON.6 - EXTERNAL TRANSITION FLAG
0000             91   TF2    BIT   0CFH  ;T2CON.7 - TIMER 2 OVERFLOW FLAG
0000             92   P      BIT   0D0H  ;PSW.0 - ACCUMULATOR PARITY FLAG
0000             93   OV     BIT   0D2H  ;PSW.2 - OVERFLOW FLAG
0000             94   RS0    BIT   0D3H  ;PSW.3 - REGISTER BANK SELECT 0
0000             95   RS1    BIT   0D4H  ;PSW.4 - REGISTER BANK SELECT 1
0000             96   F0     BIT   0D5H  ;PSW.5 - FLAG 0
0000             97   AC     BIT   0D6H  ;PSW.6 - AUXILIARY CARRY FLAG
0000             98   CY     BIT   0D7H  ;PSW.7 - CARRY FLAG
0000             99   
0000            100   ; For the altera DE2 configured with an 8051/8052 softcore processor
0000            101   ; we have the following extra registers:
0000            102   
0000            103   HEX0   DATA  091H ; Zero turns the segment on
0000            104   HEX1   DATA  092H ; 
0000            105   HEX2   DATA  093H ; 
0000            106   HEX3   DATA  094H ; 
0000            107   HEX4   DATA  08EH ;
0000            108   HEX5   DATA  08FH ;
0000            109   HEX6   DATA  096H ;
0000            110   HEX7   DATA  097H ;
0000            111   
0000            112   P0MOD  DATA  09AH ; Input/output mode bits for port 0.  '1' sets the port to output mode.
0000            113   P1MOD  DATA  09BH ; Input/output mode bits for port 1
0000            114   P2MOD  DATA  09CH ; Input/output mode bits for port 2
0000            115   P3MOD  DATA  09DH ; Input/output mode bits for port 3
0000            116   
0000            117   LEDRA  DATA  0E8H ; LEDs LEDR0 to LEDR7 (bit addressable, ex: LEDRA.1 for LEDR1)
0000            118   LEDRB  DATA  095H ; LEDs LEDR8 to LEDR15
0000            119   LEDRC  DATA  09EH ; LEDs LEDR16, LEDR15, and LEDG8
0000            120   LEDG   DATA  0F8H ; LEDs LEDG0 to LEDG7 (bit addressable, ex: LEDG.3 for LEDG3)
0000            121   SWA    DATA  0E8H ; Switches SW0 to SW7 (bit addressable, ex: SWA.1 for SW1)
0000            122   SWB    DATA  095H ; Switches SW8 to SW15
0000            123   SWC    DATA  09EH ; Switches SW16 and SW17
0000            124   KEY    DATA  0F8H ; KEY1=KEY.1, KEY2=KEY.2, KEY3=KEY.3.  KEY0 is the reset button! 
0000            125   
0000            126   LCD_CMD   DATA 0D8H ;
0000            127   LCD_DATA  DATA 0D9H ;
0000            128   LCD_MOD   DATA 0DAH ; Write 0xff to make LCD_DATA an output
0000            129   LCD_RW    BIT  0D8H ; '0' writes to LCD
0000            130   LCD_EN    BIT  0D9H ; Toggle from '1' to '0'
0000            131   LCD_RS    BIT  0DAH ; '0' for commands, '1' for data
0000            132   LCD_ON    BIT  0DBH ; Write '1' to power the LCD
0000            133   LCD_BLON  BIT  0DCH ; Write '1' to turn on back light
0000            134   
0000            135   FLASH_CMD  data 0DBH ; The control bits of the flash memory:
0000            136   ; bit 0: FL_RST_N  Set to 1 for normal operation
0000            137   ; bit 1: FL_WE_N
0000            138   ; bit 2: FL_OE_N
0000            139   ; bit 3: FL_CE_N
0000            140   FLASH_DATA data 0DCH ; 8-bit data bus of flash memory.
0000            141   FLASH_MOD  data 0DDH ; 0xff makes FLASH_DATA output.  0x00 makes FLASH_DATA input.
0000            142   FLASH_ADD0 data 0E1H ; address bits 0 to 7.
0000            143   FLASH_ADD1 data 0E2H ; address bits 8 to 15.
0000            144   FLASH_ADD2 data 0E3H ; address bits 16 to 21.
0000            145   
0000 0208ED      11   ljmp init
0003             12   
                 -1   $include(Temp_LUT.asm)
0003              1   TEMP_LUT:
0003 0190018F     2    DW      400,       399,        397,        396,        395,        393,        392,        390,        389,        388,        386,        385,        384,        382,        381,        380
     018D018C
     018B0189
     01880186
     01850184
     01820181
     0180017E
     017D017C
0023 017A0179     3    DW     378,       377,        375,        374,        373,        371,        370,        369,        367,        366,        364,        363,        362,        360,        359,        358
     01770176
     01750173
     01720171
     016F016E
     016C016B
     016A0168
     01670166
0043 01640163     4    DW     356,       355,        354,        352,        351,        349,        348,        347,        345,        344,        343,        341,        340,        339,        337,        336
     01620160
     015F015D
     015C015B
     01590158
     01570155
     01540153
     01510150
0063 014E014D     5    DW     334,       333,        332,        330,        329,        328,        326,        325,        324,        322,        321,        319,        318,        317,        315,        314
     014C014A
     01490148
     01460145
     01440142
     0141013F
     013E013D
     013B013A
0083 01390137     6    DW     313,       311,        310,        309,        307,        306,        304,        303,        302,        300,        299,        298,        296,        295,        293,        292
     01360135
     01330132
     0130012F
     012E012C
     012B012A
     01280127
     01250124
00A3 01230121     7    DW     291,       289,        288,        287,        285,        284,        283,        281,        280,        278,        277,        276,        274,        273,        272,        270
     0120011F
     011D011C
     011B0119
     01180116
     01150114
     01120111
     0110010E
00C3 010D010C     8    DW     269,       268,        266,        265,        263,        262,        261,        259,        258,        257,        255,        254,        253,        251,        250,        248
     010A0109
     01070106
     01050103
     01020101
     00FF00FE
     00FD00FB
     00FA00F8
00E3 00F700F6     9    DW     247,       246,        244,        243,        242,        240,        239,        238,        236,        235,        233,        232,        231,        229,        228,        227
     00F400F3
     00F200F0
     00EF00EE
     00EC00EB
     00E900E8
     00E700E5
     00E400E3
0103 00E100E0    10    DW     225,       224,        222,        221,        220,        218,        217,        216,        214,        213,        212,        210,        209,        207,        206,        205
     00DE00DD
     00DC00DA
     00D900D8
     00D600D5
     00D400D2
     00D100CF
     00CE00CD
0123 00CB00CA    11    DW     203,       202,        201,        199,        198,        197,        195,        194,        192,       191,        190,        188,        187,        186,        184,        183
     00C900C7
     00C600C5
     00C300C2
     00C000BF
     00BE00BC
     00BB00BA
     00B800B7
0143 00B600B4    12    DW     182,       180,        179,        177,        176,        175,        173,        172,        171,        169,        168,        166,        165,        164,        162,        161
     00B300B1
     00B000AF
     00AD00AC
     00AB00A9
     00A800A6
     00A500A4
     00A200A1
0163 00A0009E    13    DW     160,       158,        157,        156,        154,        153,        151,        150,        149,        147,        146,        145,        143,        142,        141,        139
     009D009C
     009A0099
     00970096
     00950093
     00920091
     008F008E
     008D008B
0183 008A0088    14    DW     138,       136,        135,        134,        132,        131,        130,        128,        127,        126,        124,        123,        121,        120,        119,        117
     00870086
     00840083
     00820080
     007F007E
     007C007B
     00790078
     00770075
01A3 00740073    15    DW     116,       115,        113,        112,        111,        109,        108,        106,        105,        104,        102,        101,        100,         98,         97,         95
     00710070
     006F006D
     006C006A
     00690068
     00660065
     00640062
     0061005F
01C3 005E005D    16    DW       94,         93,         91,         90,         89,         87,         86,         85,         83,         82,         80,         79,         78,         76,         75,         74
     005B005A
     00590057
     00560055
     00530052
     0050004F
     004E004C
     004B004A
01E3 00480047    17    DW       72,         71,         70,         68,         67,         65,         64,         63,         61,         60,         59,         57,         56,         55,         53,         52
     00460044
     00430041
     0040003F
     003D003C
     003B0039
     00380037
     00350034
0203 00320031    18    DW       50,         49,         48,         46,         45,         44,         42,         41,         40,         38,         37,         35,         34,         33,         31,         30
     0030002E
     002D002C
     002A0029
     00280026
     00250023
     00220021
     001F001E
0223 001D001B    19    DW       29,         27,         26,         24,         23,         22,         20,         19,         18,         16,         15,         14,         12,         11,          9,          8
     001A0018
     00170016
     00140013
     00120010
     000F000E
     000C000B
     00090008
0243 00070005    20    DW        7,          5,          4,          3,          1,          0,          1,          3,          4,          6,          7,          8,         10,         11,         12,         14
     00040003
     00010000
     00010003
     00040006
     00070008
     000A000B
     000C000E
0263 000F0010    21    DW       15,         16,         18,         19,         21,         22,         23,         25,         26,         27,         29,         30,         32,         33,         34,         36
     00120013
     00150016
     00170019
     001A001B
     001D001E
     00200021
     00220024
0283 00250026    22    DW       37,         38,         40,         41,         42,         44,         45,         47,         48,         49,         51,         52,         53,         55,         56,         57
     00280029
     002A002C
     002D002F
     00300031
     00330034
     00350037
     00380039
02A3 003B003C    23    DW       59,         60,         62,         63,         64,         66,         67,         68,         70,         71,         72,         74,         75,         77,         78,         79
     003E003F
     00400042
     00430044
     00460047
     0048004A
     004B004D
     004E004F
02C3 00510052    24    DW       81,         82,         83,         85,         86,         87,         89,         90,         92,         93,         94,         96,         97,         98,        100,        101
     00530055
     00560057
     0059005A
     005C005D
     005E0060
     00610062
     00640065
02E3 00670068    25    DW      103,        104,        105,        107,        108,        109,        111,        112,        113,        115,        116,        118,        119,        120,        122,        123
     0069006B
     006C006D
     006F0070
     00710073
     00740076
     00770078
     007A007B
0303 007C007E    26    DW      124,        126,        127,        128,        130,        131,        133,        134,        135,        137,        138,        139,        141,        142,        143,        145
     007F0080
     00820083
     00850086
     00870089
     008A008B
     008D008E
     008F0091
0323 00920094    27    DW      146,        148,        149,        150,        152,        153,        154,        156,        157,        159,        160,        161,        163,        164,        165,        167
     00950096
     00980099
     009A009C
     009D009F
     00A000A1
     00A300A4
     00A500A7
0343 00A800A9    28    DW      168,        169,        171,        172,        174,        175,        176,        178,        179,        180,        182,        183,        184,        186,        187,        189
     00AB00AC
     00AE00AF
     00B000B2
     00B300B4
     00B600B7
     00B800BA
     00BB00BD
0363 00BE00BF    29    DW      190,        191,        193,        194,        195,        197,        198,        199,        201,        202,        204,        205,        206,        208,        209,        210
     00C100C2
     00C300C5
     00C600C7
     00C900CA
     00CC00CD
     00CE00D0
     00D100D2
0383 00D400D5    30    DW      212,        213,        214,        216,        217,        219,        220,        221,        223,        224,        225,        227,        228,        230,        231,        232
     00D600D8
     00D900DB
     00DC00DD
     00DF00E0
     00E100E3
     00E400E6
     00E700E8
03A3 00EA00EB    31    DW      234,        235,        236,        238,        239,        240,        242,        243,        245,        246,        247,        249,        250,        251,        253,        254
     00EC00EE
     00EF00F0
     00F200F3
     00F500F6
     00F700F9
     00FA00FB
     00FD00FE
03C3 00FF0101    32    DW      255,        257,        258,        260,        261,        262,        264,        265,        266,        268,        269,        270,        272,        273,        275,        276
     01020104
     01050106
     01080109
     010A010C
     010D010E
     01100111
     01130114
03E3 01150117    33    DW      277,        279,        280,        281,        283,        284,        285,        287,        288,        290,        291,        292,        294,        295,        296,        298
     01180119
     011B011C
     011D011F
     01200122
     01230124
     01260127
     0128012A
0403 012B012D    34    DW      299,        301,        302,        303,        305,        306,        307,        309,        310,        311,        313,        314,        316,        317,        318,        320
     012E012F
     01310132
     01330135
     01360137
     0139013A
     013C013D
     013E0140
0423 01410142    35    DW      321,        322,        324,        325,        326,        328,        329,        331,        332,        333,        335,        336,        337,        339,        340,        341
     01440145
     01460148
     0149014B
     014C014D
     014F0150
     01510153
     01540155
0443 01570158    36    DW      343,        344,        346,        347,        348,        350,        351,        352,        354,        355,        357,        358,        359,        361,        362,        363
     015A015B
     015C015E
     015F0160
     01620163
     01650166
     01670169
     016A016B
0463 016D016E    37    DW      365,        366,        367,        369,        370,        372,        373,        374,        376,        377,        378,        380,        381,        382,        384,        385
     016F0171
     01720174
     01750176
     01780179
     017A017C
     017D017E
     01800181
0483 01830184    38    DW      387,        388,        389,        391,        392,        393,        395,        396,        397,        399,        400,        402,        403,        404,        406,        407
     01850187
     01880189
     018B018C
     018D018F
     01900192
     01930194
     01960197
04A3 0198019A    39    DW      408,        410,        411,        412,        414,        415,        417,        418,        419,        421,        422,        423,        425,        426,        428,        429
     019B019C
     019E019F
     01A101A2
     01A301A5
     01A601A7
     01A901AA
     01AC01AD
04C3 01AE01B0    40    DW      430,        432,        433,        434,        436,        437,        438,        440,        441,        443,        444,        445,        447,        448,        449,        451
     01B101B2
     01B401B5
     01B601B8
     01B901BB
     01BC01BD
     01BF01C0
     01C101C3
04E3 01C401C5    41    DW      452,        453,        455,        456,        458,        459,        460,        462,        463,        464,        466,        467,        468,        470,        471,        473
     01C701C8
     01CA01CB
     01CC01CE
     01CF01D0
     01D201D3
     01D401D6
     01D701D9
0503 01DA01DB    42    DW      474,        475,        477,        478,        479,        481,        482,        483,        485,        486,        488,        489,        490,        492,        493,        494
     01DD01DE
     01DF01E1
     01E201E3
     01E501E6
     01E801E9
     01EA01EC
     01ED01EE
0523 01F001F1    43    DW      496,        497,        499,        500,        501,        503,        504,        505,        507,        508,        509,        511,        512,        514,        515,        516
     01F301F4
     01F501F7
     01F801F9
     01FB01FC
     01FD01FF
     02000202
     02030204
0543 02060207    44    DW      518,        519,        520,        522,        523,        524,        526,        527,        529,        530,        531,        533,        534,        535,        537,        538
     0208020A
     020B020C
     020E020F
     02110212
     02130215
     02160217
     0219021A
0563 021B021D    45    DW      539,        541,        542,        544,        545,        546,        548,        549,        550,        552,        553,        555,        556,        557,        559,        560
     021E0220
     02210222
     02240225
     02260228
     0229022B
     022C022D
     022F0230
0583 02310233    46    DW      561,        563,        564,        565,        567,        568,        570,        571,        572,        574,        575,        576,        578,        579,        580,        582
     02340235
     02370238
     023A023B
     023C023E
     023F0240
     02420243
     02440246
05A3 02470249    47    DW      583,        585,        586,        587,        589,        590,        591,        593,        594,        595,        597,        598,        600,        601,        602,        604
     024A024B
     024D024E
     024F0251
     02520253
     02550256
     02580259
     025A025C
05C3 025D025E    48    DW      605,        606,        608,        609,        610,        612,        613,        615,        616,        617,        619,        620,        621,        623,        624,        626
     02600261
     02620264
     02650267
     02680269
     026B026C
     026D026F
     02700272
05E3 02730274    49    DW      627,        628,        630,        631,        632,        634,        635,        636,        638,        639,        641,        642,        643,        645,        646,        647
     02760277
     0278027A
     027B027C
     027E027F
     02810282
     02830285
     02860287
0603 0289028A    50    DW      649,        650,        651,        653,        654,        656,        657,        658,        660,        661,        662,        664,        665,        666,        668,        669
     028B028D
     028E0290
     02910292
     02940295
     02960298
     0299029A
     029C029D
0623 029F02A0    51    DW      671,        672,        673,        675,        676,        677,        679,        680,        681,        683,        684,        686,        687,        688,        690,        691
     02A102A3
     02A402A5
     02A702A8
     02A902AB
     02AC02AE
     02AF02B0
     02B202B3
0643 02B402B6    52    DW      692,        694,        695,        697,        698,        699,        701,        702,        703,        705,        706,        707,        709,        710,        712,        713
     02B702B9
     02BA02BB
     02BD02BE
     02BF02C1
     02C202C3
     02C502C6
     02C802C9
0663 02CA02CC    53    DW      714,        716,        717,        718,        720,        721,        722,        724,        725,        727,        728,        729,        731,        732,        733,        735
     02CD02CE
     02D002D1
     02D202D4
     02D502D7
     02D802D9
     02DB02DC
     02DD02DF
0683 02E002E1    54    DW      736,        737,        739,        740,        742,        743,        744,        746,        747,        748,        750,        751,        753,        754,        755,        757
     02E302E4
     02E602E7
     02E802EA
     02EB02EC
     02EE02EF
     02F102F2
     02F302F5
06A3 02F602F7    55    DW      758,        759,        761,        762,        763,        765,        766,        768,        769,        770,        772,        773,        774,        776,        777,        778
     02F902FA
     02FB02FD
     02FE0300
     03010302
     03040305
     03060308
     0309030A
06C3 030C030D    56    DW      780,        781,        783,        784,        785,        787,        788,        789,        791,        792,        793,        795,        796,        798,        799,        800
     030F0310
     03110313
     03140315
     03170318
     0319031B
     031C031E
     031F0320
06E3 03220323    57    DW      802,        803,        804,        806,        807,        808,        810,        811,        813,        814,        815,        817,        818,        819,        821,        822
     03240326
     03270328
     032A032B
     032D032E
     032F0331
     03320333
     03350336
0703 03380339    58    DW      824,        825,        826,        828,        829,        830,        832,        833,        834,        836,        837,        839,        840,        841,        843,        844
     033A033C
     033D033E
     03400341
     03420344
     03450347
     03480349
     034B034C
0723 034D034F    59    DW      845,        847,        848,        849,        851,        852,        854,        855,        856,        858,        859,        860,        862,        863,        864,        866
     03500351
     03530354
     03560357
     0358035A
     035B035C
     035E035F
     03600362
0743 03630365    60    DW      867,        869,        870,        871,        873,        874,        875,        877,        878,        880,        881,        882,        884,        885,        886,        888
     03660367
     0369036A
     036B036D
     036E0370
     03710372
     03740375
     03760378
0763 0379037A    61    DW      889,        890,        892,        893,        895,        896,        897,        899,        900,        901,        903,        904,        905,        907,        908,        910
     037C037D
     037F0380
     03810383
     03840385
     03870388
     0389038B
     038C038E
0783 038F0390    62    DW      911,        912,        914,        915,        916,        918,        919,        920,        922,        923,        925,        926,        927,        929,        930,        931
     03920393
     03940396
     03970398
     039A039B
     039D039E
     039F03A1
     03A203A3
07A3 03A503A6    63    DW      933,        934,        935,        937,        938,        940,        941,        942,        944,        945,        946,        948,        949,        951,        952,        953
     03A703A9
     03AA03AC
     03AD03AE
     03B003B1
     03B203B4
     03B503B7
     03B803B9
07C3 03BB03BC    64    DW      955,        956,        957,        959,        960,        961,        963,        964,        966,        967,        968,        970,        971,        972,        974,        975
     03BD03BF
     03C003C1
     03C303C4
     03C603C7
     03C803CA
     03CB03CC
     03CE03CF
07E3 03D003D2    65    DW      976,        978,        979,        981,        982,        983,        985,        986,        987,        989,        990,        991,        993,        994,        996,        997
     03D303D5
     03D603D7
     03D903DA
     03DB03DD
     03DE03DF
     03E103E2
     03E403E5
                 14   Load_y MAC
                 15   	mov y+0, #low (%0) 
                 16   	mov y+1, #high(%0)
                 17   	ENDMAC
0803             18   ;------------------------------------------------
0803             19   ; mf=1 if x < y
0803             20   ;------------------------------------------------
0803             21   adc_lt_y:
0803 C0E0        22            push acc
0805 C0D0        23            push psw
0807 C3          24            clr c
0808 E525        25            mov a, adc+0
080A 9520        26            subb a, y+0
080C E526        27            mov a, adc+1
080E 9521        28            subb a, y+1
0810 9200        29            mov mf, c
0812 D0D0        30            pop psw
0814 D0E0        31            pop acc
0816 22          32            ret
0817             33   
0817             34   T_7seg:
0817 40792430    35       DB 40H, 79H, 24H, 30H, 19H
     19
081C 12027800    36       DB 12H, 02H, 78H, 00H, 10H
     10
0821             37   
0821             38   
0821             39   Display_BCD:
0821             40            
0821 900817      41            mov dptr, #T_7seg
0824             42   
0824 75947F      43            mov HEX3 , #7FH  ; off
0827 75204A      44            mov y+0, #low (586) 
082A 752102      44            mov y+1, #high(586)
082D 120803      45            lcall adc_lt_y
0830 300003      46            jnb mf, non_negative
0833 75943F      47            mov HEX3 , #3FH  ; - 
0836             48   non_negative:
0836             49            
0836 E523        50            mov a, bcd+1
0838 540F        51            anl a, #0FH
083A 93          52            movc a, @a+dptr
083B F593        53            mov HEX2, a
083D             54   
083D E522        55            mov a, bcd+0
083F C4          56            swap a
0840 540F        57            anl a, #0FH
0842 93          58            movc a, @a+dptr
0843 F592        59            mov HEX1, a
0845             60            
0845 E522        61            mov a, bcd+0
0847 540F        62            anl a, #0FH
0849 93          63            movc a, @a+dptr
084A F591        64            mov HEX0, a
084C             65            
084C 22          66            ret
084D             67   
084D             68   read_sw:
084D 85E825      69            mov adc, SWA
0850 E595        70            mov a, SWB
0852 5403        71            anl a, #11b
0854 F526        72            mov adc+1, a
0856 752002      73            mov y+0, #low (2) 
0859 752100      73            mov y+1, #high(2)
085C 12087C      74            lcall mult16 ; Multiplies adc by 2 since the LUT is 2byte alligned
085F C3          75            clr c
0860 900003      76            mov dptr, #TEMP_LUT
0863 E582        77            mov a, DPL
0865 3525        78            addc a, adc+0
0867 F582        79            mov DPL, a
0869 E583        80            mov a, DPH
086B 3526        81            addc a, adc+1
086D F583        82            mov DPH, a
086F E4          83            clr a
0870 93          84            movc a, @a+dptr
0871 F51F        85            mov x+1, a
0873 A3          86            inc dptr
0874 E4          87            clr a
0875 93          88            movc a, @a+dptr
0876 F51E        89            mov x+0, a
0878 1208B2      90            lcall hex2bcd
087B 22          91            ret
087C             92   
087C             93   mult16:
087C C0E0        94            push acc
087E C0F0        95            push b
0880 C0D0        96            push psw
0882 C000        97            push AR0
0884 C001        98            push AR1
0886             99                    
0886            100            ; R0 = x+0 * y+0
0886            101            ; R1 = x+1 * y+0 + x+0 * y+1
0886            102            
0886            103            ; Byte 0
0886 E525       104            mov     a,adc+0
0888 8520F0     105            mov     b,y+0
088B A4         106            mul     ab              ; x+0 * y+0
088C F8         107            mov     R0,a
088D A9F0       108            mov     R1,b
088F            109            
088F            110            ; Byte 1
088F E526       111            mov     a,adc+1
0891 8520F0     112            mov     b,y+0
0894 A4         113            mul     ab              ; x+1 * y+0
0895 29         114            add     a,R1
0896 F9         115            mov     R1,a
0897 E4         116            clr     a
0898 35F0       117            addc a,b
089A FA         118            mov     R2,a
089B            119            
089B E525       120            mov     a,adc+0
089D 8521F0     121            mov     b,y+1
08A0 A4         122            mul     ab              ; x+0 * y+1
08A1 29         123            add     a,R1
08A2 F9         124            mov     R1,a
08A3            125            
08A3 8926       126            mov     adc+1,R1
08A5 8825       127            mov     adc+0,R0
08A7            128   
08A7 D001       129            pop AR1
08A9 D000       130            pop AR0
08AB D0D0       131            pop psw
08AD D0F0       132            pop b
08AF D0E0       133            pop acc
08B1            134            
08B1 22         135            ret
08B2            136   hex2bcd:
08B2 C0E0       137            push acc
08B4 C0D0       138            push psw
08B6 C000       139            push AR0
08B8            140            
08B8 E4         141            clr a
08B9 F522       142            mov bcd+0, a ; Initialize BCD to 00-00-00 
08BB F523       143            mov bcd+1, a
08BD F524       144            mov bcd+2, a
08BF 7810       145            mov r0, #16  ; Loop counter.
08C1            146   hex2bcd_L0:
08C1            147            ; Shift binary left     
08C1 E51F       148            mov a, x+1
08C3 A2E7       149            mov c, acc.7 ; This way x remains unchanged!
08C5 E51E       150            mov a, x+0
08C7 33         151            rlc a
08C8 F51E       152            mov x+0, a
08CA E51F       153            mov a, x+1
08CC 33         154            rlc a
08CD F51F       155            mov x+1, a
08CF            156       
08CF            157            ; Perform bcd + bcd + carry using BCD arithmetic
08CF E522       158            mov a, bcd+0
08D1 3522       159            addc a, bcd+0
08D3 D4         160            da a
08D4 F522       161            mov bcd+0, a
08D6 E523       162            mov a, bcd+1
08D8 3523       163            addc a, bcd+1
08DA D4         164            da a
08DB F523       165            mov bcd+1, a
08DD E524       166            mov a, bcd+2
08DF 3524       167            addc a, bcd+2
08E1 D4         168            da a
08E2 F524       169            mov bcd+2, a
08E4            170   
08E4 D8DB       171            djnz r0, hex2bcd_L0
08E6            172   
08E6 D000       173            pop AR0
08E8 D0D0       174            pop psw
08EA D0E0       175            pop acc
08EC 22         176            ret
08ED            177   
08ED            178   init:
08ED 75817F     179            mov SP, #7FH
08F0 E4         180            clr a
08F1 F5E8       181            mov LEDRA, a
08F3 F595       182            mov LEDRB, a
08F5 F59E       183            mov LEDRC, a
08F7 F5F8       184            mov LEDG, a
08F9            185   forever:                 
08F9 12084D     186            lcall read_sw
08FC 120821     187            lcall Display_BCD
08FF 80F8       188            jmp forever
0901            189   EN
